U2FsdGVkX19VaWJjbk95axGzcOrEuvQf8dsAD5VfiIyWhGjQVy9f0X5SL8G05aV9
rK2SQk0XqWuzSEG1Zk4hMK+EfpFjSX+lIkt/xgAaGs/47w5hIBkxb9bsvZKFHyl+
GAhqA9O7gl0LGO11iuUJtWTmqqwGX8I44YwnJTo51swgYSlYLJt87TfD7vEs+LyK
UT/NRVJgouT599BBOZT/gyKami53m/ZgC9LN/DynypLAorDpLMsPSDB5jwOJIXBu
w5967VXe4qJdyqvLa8ZurfF7q1UwdWMGoJVJS/Ng0En5nLu08HZEL1kVvNJf5xPM
15vq+gV7evjBoKVhDdbmBCnFxSJIywg3oG2ePhpLEfXDeweCCKPfm+FafwqE2IbE
oHx1RKOUvTct6ZwPACBJcX3aN1N2v1p0Q1BR3YF4/Wmbm3FvHkz9ySlOxDznZI8u
DRX61NtZmtxG8Oj8MRuar846IaMYVuRlyE6WuYarVEi4AbtCRHSCim2T/nMdYjcB
oNcGgu0gFYfdeWGy9nQ8SXOoVdna9nh3GWvCVWyn/AhrU/Vogjz6sjsxytlVdppl
t4VUQYK8ARgNTXK/yecFW3OoVdna9nh3GWvCVWyn/AjLfjMZR7QQI3d/0MjSO9LU
PGTUIhFxtSdiAM0MC3KVbUkAO3Nol79TZu/tIiHcE59Uqb6SKHDKmmxt3FauuUim
A1EG0y+ifdSOlVwk1WXKlaZx0pA6ZLq/BKCYl2jmTNvgnS3D15u1JZ775fCodq2D
aY1dQiOY5f55X2I1T8x153Ma7rrM6ijelNe5TRtd6qpr8LFzHdejq3xBOy8D+hur
rD5g582WJ+TwULBs72hOsXQ0rWs+DDtBa4aKpiZ799ff4fDSp+lS9rIiQEpq2fZC
N8OChN3RMBLBYL0HEnLnR5BfcHUz/qSUSnAFwUeFa51FNtzkHrXcewL/4iZn/pLf
ekWq8YK5GLNXGLNt4AboysrkKrhA7lcIpTxMyuCJjtk+40IAhcxpakVwNhf0Hja5
XtMO2U+s+eadXRidOxEhyFUCEjHwoJbonPP7zoUkqibM8AbqsvN1Kge7UrZFhE0x
KU/h7muIi0l4yxusbfS2VLr04t8m+xjgMcXCoJo7XmLKwTSVotLBddx4ri74148z
/zfmjNyfYh5hq8iFnHDpGxwlRxG/LvX6ZuLCcJZcDyh0JHoWqRHH60cNbQsfibew
jLe9SaCqSzlJx1TE0l0+j4ETo8f4lZBk1rwFIrCBdzvSBsq9FUw/JsBILukZrGn3
UQ1DWNRut3JA6ztIefREdRy0t7HnUKCJN7lPUDCXEdKpvjKUjIlOneKwRagQpzLc
wfoGNmJ4k/y/J2x1eK9MXDmQbBbjlU1anl8dO2k69UYVitONn8u7SXTGrA/ddrk+
n9R0QLF2cxO60XDZDoQ7Q/1R0AGiJwD0FzS/BTf3KlSRNGQcoldQ+t1Y/iURCYvA
JRButB2/kKOubuwghvH86gYtnykQaXxthFnKTHEU6nDYE+bRTxQajCYtv6g0pXT3
gMum2Uo5x8cRdZhmnsVRCSc/4vhFdZD6c6kykV0qua/xeUCE+yXmYCI4izzAAbkx
XEtn3VZ31SpSy0gew4XvvnZqKT8pzd+0aEDCJZnLILBPYTT2N3b/TffJHfrBuSmi
hktgyu9R/daYBKIDs7pcfli8sPtcP//DCS9lb6xsnLr96uTQdSM9JIG9mIy7Zb6m
w0jDWCuCg187kQdSmbTRCEhV8IAdPJhdb8m5O8XexRnYyO07PP3ti07jRwtTsnuS
JmajLjgnj8kB6r6QcLIhULFK/iTm91ROW4IvDzbGLERKZmU/nulOiZvpbHBBoZHd
/SDjmvik6+R8XPiEUBL600GDY/zlS+CKHCdSk9m/dNxTTK9ZbDKAtA3aGIb6w7Ri
CdTAS5MFmYQcv/zLo6b5OHOoVdna9nh3GWvCVWyn/AhzqFXZ2vZ4dxlrwlVsp/wI
c6hV2dr2eHcZa8JVbKf8CEBXHm3Fnb/6ktqFFIa3tyj62F6l3ZAwohAIJOlupqFm
//PCB2GAd5KFXQksHnwHRsIXXX1ds/jp1Nz9HthRWbBKOOlhJjV8mOXZzcP6/XMO
Dh+K+2kM0WQmz1FBfN1xbm0mzi99fyjzHFbHMmLHwDM+FNrsbcybttac4kJIjucG
cKN+gzKSmRknyL85+rckVEYlioK16KIw9tIYolO+saQycgAFlXaljgRArBiZVX3Y
WWUMmhXyOxE7VOncILNRX8DUNElIZWuDy5X9TvgXmfxt83f6eadRmUFx7U61irIr
LkLhviEXUtHGi61fuOA9ZsS7QInbTFliVpQDVw9ZphcBO9lDDNTdI8UOXYNPEbn4
Bmm24DhmBalHP5MSG2k3KcuzvbdVqBp7X6m/1jaiHqoQy5SFBLHHgop2fu9L2PsX
/tKu4Q+O78rrsTnWT2y6onOoVdna9nh3GWvCVWyn/AhzqFXZ2vZ4dxlrwlVsp/wI
W2uQZnMR8cpJ0rMqzBaCG18luD0RYC6lICDgMpCSFr96vVyauK0aV8HH0fEHIgfL
sswqKAlJd/0aYQrUiYHM3web7KYUGm11en+7gg/13dni8CLyng/3hf6F9XLfhzXD
Ti6Rvj2rP7GhaND4osPIokgunlbcpoztJGc+D60Ik1C14dJ23QuPE6Mly7OKj+44
O25QW9A7vuXqULzso7JjS1oEEMVRjUa5oQkRuZA0pEN/L6S1FsSg3jK+vNvX7ADy
dHr9cWEWRTvNqt4nLFJv4+cXodt7wPuc1ltaVKM3NRR3kMnzd91NHxb7wD1IDN3g
4loABFq67DpRWPEpQT+/FFXzbPIqguDrcbFq2N1t3sZ6vVyauK0aV8HH0fEHIgfL
BrcNGgbuxxKQPGLeCvhMJdrEWpcTODOGC43RJfL4+PbRsRAqEu1kKbPOxJ3rcO0V
0uYHHQ0PJy7K27dC6J0ySsFBNecbhsnm2RT10/RKE07RsLmKzsqmlVRNoWZipQ2P
V6vUG98nLC3td0+j8bB3ZxxthkjaRRCqgnvTd2ebBF1ZPBKpJK1wcaWEXM5VhkMO
z4zWtuCWI2i1vWZAYVJ4wtQLY4oLhxsWR2a4aBrYvrRL+oZspIyzLA8vm+W8jzns
9Z7uich2nGLJfPAQZlU6VfoqE97tUxJeZqc3X/Ai3fyJ8IwNbVN14fxW/rKZXSVF
ySehxpNrgfj9IFNwJm43oXV3Il1EMPyP4PqWSVep7BXflZzT/HiTv4j0B5vSJDrq
TknK1bDp1+pytenZd/pRo0gunlbcpoztJGc+D60Ik1BpQ2ftJpDhjn0duU1LhS+8
g5Av4G2S603E8AeUlt2Ei2NVUI+FsADkNpavV2MONIh44zdMRvE6laQLeAVs7ZAG
SC6eVtymjO0kZz4PrQiTUPl46stHv0KdTDZgh5ZUCtpb6/MIwca95gl56CmWoYoZ
yRp/Rq4wIcdiMPK2bbxiFaMCBCovGTYEQ3lydSKVtHdILp5W3KaM7SRnPg+tCJNQ
bMShXFCsQlPcg4hupR4CQPCesGiW5wjEYVs1Qo2/4zcAeB6irBsBzphFXtAaU5as
BXn91JWH5n3oczCsvCRm+Zmrgz1wgrf09vlERGCFHuxvRqUGxLCE0yHW0veWtOff
bRs1e/w3de+TAtGvv+ylV04JgW1HxdiOmOlWlb0nfGFd6iemwe29DK8L4w5lX1TB
ifCMDW1TdeH8Vv6ymV0lRUdKt/PJbAULbh+6sa54NSjHCIFmeSn443DnPRUW+7ov
Hj9Ffy84SQULm+hBC33IKU+C3ZeDkluteHGsDFEGfcFILp5W3KaM7SRnPg+tCJNQ
UHoDPc7wVekYIYw2f6MjHJPMqs5MdvmzF+R+/TVAwB9++hXTPIVD/a+uqZXo1TCV
rVFMtHLJI6atyiroN30paHq9XJq4rRpXwcfR8QciB8tjKxBUJ/kogRKA0+jod6eF
tV/T+KFQBkqW6ktj9mtLTo3bjN0r4Qm2F8bgHqP2uZ7okcYR4jyAb8a/8b9qlZyA
er1cmritGlfBx9HxByIHy3OoVdna9nh3GWvCVWyn/AiQkLD4wDrJYUd6nPyVY/Sq
9YgzNxDzDuWpDnNe5AVOurHrTkFYOGFO4WeHi+SvwCu8eBjHQpN1pqf8Y0VHcICG
ajmK75xYQmTV/KWNBz4KZfI3Q3rTZ0gcyUlTf4PVFVy1tv0jKlW/dx/Vb/nCgnJX
jXYo0ikNFN5+PIBFI4cagKH20uYvLigbinWDR7WAvnubPaoO5zFpYoeKS3YZ9Npr
ZYlwyR6INui28xWdv+GtQ+PN8/CTa35Dr1lQoxIQBQJXSjPnsY2VNQJ3fvZ5vgGz
6bF+mDVAozl5h5SzK/ELZYlc/+WDyeI9LIkhSeTg/ceRz85CMFggZw1C/twINzGk
BnwZ50vy5/jy6CbsiTDeTodOfBRLoqpR4rfLhpHmI/iFd5eK01rKU9O0KsK93xKb
jjvJZqjMLTK0rCfrYs+GiMzSor8vwn6mG9NsQGxu12D+zWKQAqspZTl4/3yiitki
2lSTdwwcAIRDJv8KeFaLgn0Ia3xhicLdjloHCW5zjFuhC1jaoiRUvvnhr78vak9C
CAEh7rjVe+vSv20uh1D4c4Lt/ddviGOM5fHN3eVX3ZQKOHoUKrbe/yfPvAs8pwXR
UeQvRTU0ygoRE5a5H6SixmikEDbLUXy4etmSs7RcM6oCcQyx12RW2Nh+KwvhiIha
kXd8kaIKlKhIs1DXc6aQt/nLFFTIDSQDPgwEo9b4zrsTqt83fFGkaxQuSg9TkrCQ
gu3912+IY4zl8c3d5VfdlF0W3Vx4ES/m1hvToUUqMBIwKOm40Lo/7nK1WAV7HnsN
lmbfKSOJqCYV/QADluPHxxXVOOp8stZH2PCLqrLdPgxT5s6VU6I6kHcd0ZhtOHwP
SitgXnr4W4XIs4dA0CvEkVK4x2cDkrhCQcKmTVoHnvQmHCRVAXhDmS0tiTHT980G
992jWWj1bln7ITH6l/Gj+yj94C9YCCyoEIjiOOMl60IEtv1ZDM3b+EdtMt4fQe1G
1cF+K2XOaxu42NJNrdV4mC/w3ustNwQO7blnU5ZyLnBybY3BvgBSWocyeWMUxXNZ
bjoR3Pj/XckEnRrChFMv8u93BKJRhYNguvzrLEBwwwuqUo9ObCjlmPtOcG+Q7uRu
+as+XHDFuEhh/WPjS0fv3Uq8nMsbVWl/eRj6z/XdFXhgUYfOgyeHEXkSH+y8PRcK
YgFfrNdS35pKICQiidwa8M3j2tYiHxnqlwZgNO0IGK+qLVkG6p8BMpgQAvD59ke0
yQof65tY1NQImLV/Frev35PyoRRG7CCwWFPRKliahJHyANzyFFg7BiGZLTwXktPr
UZA+Fhzbop1GPrbGOSadZHMQji0IVkEZTkc7aV4BRGRyXaRS76JZzd8D/ybKiRRE
Pa7wOYMS5tJg98zXJWu0pqV6rBr41LqM7wk9d5Ux/ZI7a7J4y5i46YQtWPnsEqil
VyL6HI5eb1f1ULQh/g4VIaW/HFXK9f0j1/v2bXRJVjTY+gnlCDIB8jXiP31PsRUY
nu5JbosikvP4Dm2eU8b5RHNlXBHOW68opzf3KE01mM/ku1CBK45lYceMtSA5PQu9
VR3ftF5mEmOnVKP6vA+j5SfD1yXTltOA0gf8rEZxNCsv9rkDvj0cwAsorXgeAI+C
LIb+FK+KVBHZqCTWOiTbk92MlQjq61DopRjAmzsCQ4B02gyYwaWLGScWGYIgqgrq
CDB5fG6xHMO7/EVVIeb9kCayEDflmtI5wmG1WIIJiZYvao/vVB9VSiW2zwTn6KMz
0MLj6XDpvnvTLFB6ldjaPJj35ihBlFaxQt1jHOkCOE76mqTtRZY4lBIgQZRXKVKi
Mbs+UDbJIDGhtIgqz/2w1JCVK22DlIvMVOq5KaYRGvbOv0rQriEGe+wos3FEL52Z
X/oacDMlumtagMH/G8fAT/r7abvdkkAUY2V8jxMmRZCarlbwNOJQGl+rtuvAkDoB
aSg3Ndx0T2LmrR5vwN0cVlcBPN9F8IFsDecwniL7gE0GunvwNtW9/ZHARbeMAFk8
l83cbGdxi4RdaUcfQ4+NIXWKihIO7IkXzhB8DlItWh4v7LTBLnUlIkXxHmn7IfZj
lRXDY6iAQI82Wa05B9qR0Sf1EHAFgEkfwmyl6M1g5dFmgJmqJ24sLZizipIZuotZ
