U2FsdGVkX19VaWJjbk95a7oxfJChWwyAWo5rZQtgKG13CeE5Ey7hODLPWUkF4aSh
HU4uj8LQuWLDC1K9jWOnMetHDide4zOMOkAVuMA392LbRV3nSPeK/D5ac4IVqjJD
C3GmP8izRBU3YKWiCttliqeHDMVsXXBRy31HDgraJl2yuk1ZivpFGSUIWMEVsRLS
vYrkioOkZJKx9/eZXBICAgKjb+9xctbRAyicJ9H5KmdV78k0F42kKM/2eaQOt+OB
//dSWKfcs6mb5tWaQRlaJfQZB3wb/pw6huBfAzFmg3nMobvUWh/8m5EcXqxQMarD
w219rPsexjUeBKsaJKMi5+9LB1cbxp6quu0ENBtOr75tRdAdkA5kKQifz15iLtTp
0wh/Kcp+cco9Pvqz1pC2mSqAgOY2yRRuhJdIb+uulFbsfAad/xRof/kWxqm2Bih1
KoCA5jbJFG6El0hv666UVvkuN5iNni8LK9mw9buUYC/wa6pn8Wsh6lolPb92W7P8
bTPD9oLThb3fp1yfXXB3TN92RGyKc293EKwml6gkw3g3TSfsi88CTLN+CacYvQFx
OnDSt4MoPHbPAJUv9A2YNSFolq4cqMbnsGV46bVDtAHHyQembISyi1jW+mSNH7fx
ZVS7B6RkOIkk0PE9/Ks+vWQ3lEe0JnrUxg3P8/xe+vFPdyvfYnVTvYK9aB3vI225
mEGD4TTWs2a3IezMl2mXtZ7nlStT4G9obKhpycpS5Hw3LQ/9PMKDtAg+rEuG0r3s
fwv/H2l8NmkWbD33vUaJi1CSUwb5udr+RQlviCx/mpa3hWVXEgpJXhD4ql2mSMhY
uIXhrKl9CV83D+F4gr1y27auLpMKj1B7AOsSUyehecieAmNYpFNimA34Xg43OaRb
KTNF0cm6bYMieTjl/TNU6qDf/RbLZRsCOdRscyYhPmrn8EAXcXXdoNNw0fZ7OxXt
f2KdMVFT1rMN6n22D7aPZrip/7yh6ILSa7ydp90ghWqeW8TbqBgV6bJG9ffcWNsE
tcgI9d2HC46NeZVdSYvYNc8m81fql5yiSDpa+sVwqj6lJCmmTHM9N6jpmRVd/Kif
fBj7rFxUIq3tyCoqTjRsf+ruaAjTycs8afJni51BcMxYz9A6ZDsuDVa/fPmZWLYK
HWucF6pTvkgMf21h1feDygPzrDo136eVyWMPyfSwRz6mNHwdTFC5wgf09IOnvVKZ
kDMbgLI1CwtlNdfVeuug4kLef0qqhi/UARftrCwleVX5zfLKr/XbxZDnwrL60SNR
9gze8WDKZkRXoBGGcUbiphENgJCNapMJDpo4ZGLh4kDQGzw8HG9IuTTTPgGXAKjf
fh3on150PF2MOqQE2uW/W4JyvwuT7SpoWuSFU3Y0J9fWXm1UoTVV9sMG99MIHxXT
mVEBq72YYxwZHtDW0jWbQppBQX3MFFm0FJPDvm8gyOW3f6EU/IHIXh6M1t7eYPri
1wH7lL02y5DPaRY4CpHxlwtrWMksI34hGfZuW284l94TgOdeV8cIb8BPLHzODIpb
5GVe83GZZVdL3lUGsmulKUf+dUYJpunfsMxujM9ZeBoJ0gig7k4mMwaXQH53QFvA
MpeTgEhhm5YWte9mrG4OyZcIx/oTOPONOxAklsiWzt8na/B0DEZOSx1sx5rnbuaY
/f4nXW62ZKjRmBrZ1o7T4txQVjcByfXqh26iJSPoYdOXcBTNnitjHcLoHHx9QArc
jF2bQ4FLWTNiq4gL+GOXs8PXjfOx1KjC6qF84coO/85TKgp6Qc0gZ1Vzjsa5vnCu
Uz2k9PrMK6RzGC2D3UiO9OCJAidb2PPlPilcswvRDrS9Oj4nKiNtfM8BKyMRVH8p
g9zUDB6pvU2Ciwy91rOzW17hRbu5S/eHcdwGC1d4Recj3aEE6Rn8kMNZrB/EUiC3
0AsfBVUp1OWtKXY4KScGoL2y3K6cFKs22+HgQK9xsXF5aOGYY+nHy6ckPOgV2KjM
PE27X7LQOSMbyIAb/LnliZYbjV7HPCyFR4u6TvwV/FqhD1qZJ2vo4twI9E+RQ33E
FOwH3BipuoBm3f31ZGLM4yb2MHS4WtcWr7sh4/5sisj6eYMHdcKg72bunuCNX5Kc
8MfWtxxz/a2lEE9rJrFNcPg2ahUrPKVMEFYrRJwZQmzSto0pKS4elM5Lqjln4FGc
Zq4rdqH3DjYXkgEf12NbAzKA3d34SggAGjUOPpvqAW0ZIn9RIpJPH2HnPP5GMpxW
0i2wu9dm3YtBQM2EJjCik2g/iLsGN+g0Iylb8JdXXk9uSzUs+t7v247BY9E4ei6g
osQ1UHuTbvLGzDPtNntl9rnin/Hw+23A0FUftvj77YfsLKK4gTcsldPbT1MzDFDJ
393fDGxAmmyU6J9jAgLrdLBRKhUzgV8jX4y9VneYpv9k/eCHyWOtfaPg4yESxkOE
JIKfMaYjeT0ay1mZ6RiLqdwbVWhIm4RaTx8jfFpYb3fcM/kH+lGrnCbKEH2uVZXq
rPrdzg2eaV89hw1xWu9KoCtZkvu1z/YksGpgxvt/6DZ+LK7Uc9bTk4sPBo9J4/Wr
5Vm1YIR+RBzhWeYn9eTlUUEKLGrqpHcTxFgOHV8NS7SmnVdHSDUcIPACyUhDnbjA
nQ1pjK04fw/Z9JmyZruGGysAUh8/SYV86+VnoExhxYRuilJCJ0XJU6h9W38a3Zvj
TcOY80rAZdkXNDdEay2GTBnt00CPJ+RTgpC9yNkw4G8wly+EywcboVUjwxSLTUJT
cxdlOFh4WwhJTkedoq3UTJOXLTyYwss+U3kwMyd0EKYdBvdZuul34tuoPQSQyfwE
+K3+WZMlTRaqw6mRMu/qz4bn46o9lQK0oJhMX37bC4YzVw3llNyoiP2Fd8Kx6Ob3
Puo7HxiEC/bz/q5lkgSyiExkbmRTbNqwl2oZCvUIjawrTWU2RErQtubnbJcM92rw
E8jSMbppUDMULiyZKbpdsd9M+S33yaubxUl5jIq9FIv4XJryJ3q6Zz+aTy1DYA/h
mTEAovTwXoCuEwhecf1Cl7HtnxWKFM7/MV+RXofn8y0cs6SVGBo5lD2EVeCYHR+L
ZFW9JYE83NZ5pC40MvMy6uTih3PIyVv37H/1y17d1jjfxx6zTHVxB/VoemqfHnPb
r2B3kiFCB3CALs9/VlGRo9Rsl7z6+s0rDhS/QMjyrW8bX4eu1KWFicTpGDtxk/9f
SBBG5Jr3DGXBFxKgm9E4I+iVyODEYB7EhkY0TgSkOo5qJbjOqhgmmn0pRHw/Wigz
4c1TBcOcSuKnonGnRAh3xPiRtnJAVaGqHCVNjSPRxQVdxqX3m3G69uP177OQ3Bdt
Jnko9z/VIqDDFl2M+wR8T2rVqewZOVioPa9cgADS6O7z/f4VPagRBrUz5ZsGYZib
nGqwhWk6Fy4Dz7yY7KlqO4SWf0I1m+m2U6cp0+/+Cv+VPGBk1glO5Cm+R1OxVbUD
PMB0HGwfx87bJ4gjzv4A8sNS0WxM1Glikf9OwXsRY9VPD0C2FccwqLmx6AeluNyg
RvcYDCiqpTmvW3xuyBJjNZSoiPpGQ7LTlYEiEECin1UH0qut24t/cOtjcuNGoP5q
hnFdKFtnRzm7gZ53XUGWDk0NwagfdcfPRcPG4Mh1fJLB7Qz8GzA1f8bYsf819aEp
8ED7FRSyUVsnI7CzOiljg6xElm1a4FBIict1855sY6ekJIYTgfiCicEKq7bdNTrI
1OB2wgVY/nVmU+nneBTyExgB5jVfnZFMPKbT8j1mXDCWfP3kLPiCjtX2hw4JSzM+
Vq5fBRVrnM9pvH7fiV6DvXwAhd2oVa4IF41k/ub3CGxfGIZ+MeSuDQLRAxetnAMe
bX7RrMxlD0TMdmOzUkpUTKd/m0G2vkXXPi8I7IAWnyPaoriT22H/k9FO75sSX7nj
nErDXgYh2dR4jj6lGww/c7u3dPtkePNl1NHe77a3Nn4Z5JWq3xjLjEVj4QyW2yuJ
8WoVDEnhswWKQnOwmaa3ZV8TU5cckWnVRT7mGtM0wQVF6wczPvXoXuVrS1hznmOR
XuFFu7lL94dx3AYLV3hF5/OjWsC7NIfm0ebWVAp5y8qFR+xz0zmjvcil9wfOthx0
TdDjh98FOMIskcscjJm2j4fvhue5AhzynzFgcFbv8jsiaU+6V+hC1Cv+eXY0m0xI
OgOpBxk4aLCgGpEoi9FOdgwyvePsvlVcUfCnTWZ4cEZDMdY6K7q7+D0ol5NsW/16
oba3UdAR5L4+jeJ3qKS/qylQ93kVTKqa+Rn47vpkanzSuBpAKR5QinO0Qk5Kehv/
n8YBCf1PhB1I7TiaGJz5jYu9FjIhB43XQYLMxgrwztwU6VVk1jUQlqPeWNnHSjUU
8BP0dwHGBPocCUePuVZvYAaMVVdCKbOuygXR7FAkmZ+jmgPKbNPjt63/zaKUSUNm
M7o5rM7tBFO63iy9ClnxBcBfpWsA+v0e6UllH5UEebCijd9q8Fc04CgnNxBAZAxs
ipvs3lScsmZuAQHS7AyaDRB8znux2qFrgTJFuuox49jsCg+OVNviJi0xU+llMXO9
Au7+9ODqgRVpnzsu/YB0QqZGEgLpm33pAJ0BZVcnpdgz0e4u0J9Ou4ss8k4qN0jb
PV3LOUu+JIfHcz3q+Dqn/7ezLQFPBV2hjq44P/l+a7MpG91wMQts1VRXZTh5RFx0
Vq5fBRVrnM9pvH7fiV6DvfD3raxetaJpG0bbpdlvA2SYXYq2e9IauqbCH70DLB7W
v1i0wmT06Vcv+FDv+Dnbn55IlKtDbXDogIjRvXvQngNT08M+TkOVAHOmd8tWWzOo
/pOM9rs3tUuQvaLRY/QiYPJFBuUKIBd5jt8wmmBZIrod93fEnWu1SInWypWXFvnb
dUiEzvEiHrUmKYzttq8qHPeZ05XphlZ3sf40QC3CksdMIIJwRDN7x2ALxhjJO9zz
BfwIjkeIqc13VuilTKeIgpmWdrGS3ffW5L0EBQ/fUaKWyiHYz0mt00gf72fgg50Y
fyk6mGwWI8nH1gZJau2zttvDcRL8Q2CrIPRIbD1ZVYq84tFGddokmsTrUL2d1opu
vDw/cRowqO6CMFRR3cEPzxqHz2vvbKev5yBPzpnhkjeg+t5PPDe8Im2vxABT1ase
AXhaBXwJK1rMSX5Uqm6BNY7Sgwdj9hkkRoJbIpcdjAm00BbvlODimmVzwn4A4OE6
QPh7Kr2H/h5/bEoGnsxgmTeXKmSy8d+MYdsekmc6E3yO+eJgsWgQSAMmc3WD3lyX
/eQBDpE+g47ayNo8tw87OgVHjGv0O1TBdBfZGQBTAV/wSrOVcqdJtuVhY8W+cLH7
0xU0tfYxOLPaHprElJXXSKmIw60MJWYDu8eLCyI6AHnkW/yp75IxhHRbiUNHXW2N
VG4Pl6p57dHGfSpi75fWUq17o6SOZPSHa9IuFj39sdUgdXy9qDnQutp1QmDAL9cM
inp171DS/74Fu62uPrZTmcy6BZ5Zeskv3qaTJ/oACLAnbKI4ia8+1cJUDT5uKpny
dWkfrXWSj5LvFNIpTPFkELlbKcu5ToxDfBZjUTGa8ZT/m8nN6h62CFe9YFfxxb3Q
PixzhI0rDlJU65uqGAJBqbkQqAh1rinZYuuPBMm6gFw2sDCzkb+C0r6XVFnCCNK5
MCu3rQsjX1R/9aHbglHfkSZsvrXA05S+GZCC2COo4U/1gZ49Bghxhiu9ihsjhef2
xFewDNUokXPemDtMDtqfykvKAi3ftVarSIoXASH3pPpmi546IhTqeq8+3FTKhYEz
sxNh4uleFMouiznIpOM59KnPxD5XjH1KcMPwjom1Lcs36NInjLtHSpMmc75NARCl
RvgiJqfm/FmCmJOfe7uA5BynqWmbWKmnq0hog0CjBRLJ5+xdoWrj7DtBDSfYlWOI
Rkm/86yiAfaoFrFxC0nE7zenNfkJYyfly+6hPkHnhKeLJEaMvZhnMU4MAnQkOCqA
Y9wLEP3SaSIutR7zcxatJHywzovrGHCZ/UImIWyUUp8136yPSH9LltgW+rdm/eML
/GojyY1a65jsc8Tp2tJkIP8Nfon5h3zlU9WWOPEoOerHCn7f1eToiTAGNZxyEzlk
xJg5DgqHseItd24/tOtlQesMc5bM32B94wwxgW9apCP5Ru+xBasLACfi40/9EIz5
HLp3p9R3SaRU2KJHuYbGlWcQKt0PT7zRwn0fUUZlxj91yacB3nk/vbBwIbgFFkjR
U3ySPZ4dLgTQMaUmzTE3DJmXHdKTbQTsq7BYqrbL7EG51cVTK7vy9wgLQFlGRdiE
/Ky08jI5m/43w9I4Ugc1yiQGQYmGfjwmnpq4kRX4/pOwDxSWjUq+HpivNhGGFG/O
FaQkyyAa5E1szlajMih9Z7h30gSZZKOfeVo5HJPo0HqY35eG0FITCANGuaaxkoxy
5WfguFBJp54mIrl/da9ofR5zeSCoBFa486GyUDvhaK1LCFtsrYNh+xF7vpGlNCGt
4kg4DwfnXag4mNRNMJWWmpPBDW2fC+kMDMkdEX0cXCvCru388iT3EXM3Nz/66m6k
Iq022uBSfPDhyjJKcMyUPSF7kHO4Z8WQBPFiDBjx4J4R2Ryn5tKEZ2seUvnwg1r2
TxoGvYdKFLBAgAMQRXhtf1xGno99M4KqIBmZo4QOcRdI8VzmpJPgXqEJAqMirT6F
i6v5ltt9NxS1Vq4BVw5Dg/ULvg+xIvVsT7hZmqIcZQIXlxn/7BHe/lottY4yb2n4
qygHycdtNMFxgJ5M101l+nF1B8NqPnpE7RtQcY4GslqqaMCtBu56UdHMMp7wiHm/
jEDnrD7xn26U6wcq39613YLOx3hWYafKjcbwos+IxzwMguoe4cEkVJnJiVk11EN3
jnKo/lZW17ft0u93nnCxVrx85FwwAhAWxRWA92CJwigxVQ/6Xd8BH6MO76bAeJ3Y
KRzIksk76hHj1ENCDB2Gs4NA3SzlX6TPRpu/+Z7mE6G8SUnDD1zJ9f2EgOhWeOV3
HJomV8N80yeJz1WSunzzlV4oeZ7zI4I4GrGC6XEEtoeR1bJ+lH5+SvExrUYpLKHQ
SG7hix2lUA6woNexCLPCpE+3LB1vU+SGdHzmsNn3sQA3LMOzv6zRu/NNEEhU8yl7
ysrjJ4Uu2BbHn1YtYt6PQyrtHrCrTrbnVSQreRJvJ2FErsyJNgn38efyL6sR7LsI
IYmBYcse/UcvqaVpteNEW+siUGL6RJxI+hI6KLyTljIWe/f22gTiYQfOysSet0m7
72IDjjQkpAWKZ1pL40dDS3mOkwhkOvtGhAiQhw2LMW/GGpTUkMqjx2nzUaxyaNVb
I37PFBQ0Ute/vdBfOeFRp8nSyrwOzDwuND8+Y3enD8bl1GvhUIBni26+gEaAFGXD
DbKhPGml9s9dhBCyuJfaYSPL5u3S4bl0cCxqxNsiHdw9ilN8qCB7zdEn1mR76m6+
0GKBHclz//5yxZQtu2ob2MrcTIBVPq4mZDArIJJz3rRnC04quzK1NuX9pBn/uEHK
9VOLBUAocJz+05rivtilMjWKSP/v1rTXIVFk8xlBULi5/gUnXbIBzLrvTWEZ68dP
mTBU/XjNja4EARaO45IcpaH8S5DIeqvtdt1hvpNG6EqPvbkDLPWYD/pPp9A2e5r2
t+XO5tZ41Idq9v89662Rus39f/JUgbIyeH8DSHGnNXMSmJ+wSUepPRJQMxE2FVF8
Gg5cXwJSrzTF5Rv5uc9o/SicgMcCjvUYx0iPPliJqA51M5vHOUcTF14qAv8rCzI6
8nRGXlV1KSrBVutFaHMvayWMAv1BaaxZl62QDoz0RMkDI6bn4rj+QyW7lNTaFW2C
i7zY5IrBqrFYgZNA2QhTPDEnkFdCF4I1pZuPhBNZcTzRQLMs0zQZWJLkTLxlKplW
iwX3qD1DebfDxe+PSeY+UGtDLh0HMBHfziHz73561i2lOAPEDXxvKl0UXZD2S+YZ
pqnQ5DtqSkDOCdFpcrOWwQUI7sIDjiYcqJt+xyFlscg4Sq2xaZN1rk70QGZJ3ohe
z7pwqQIszveBUL39Vj6QjdydQqMnOvVQMHsGEq+I6j6J9bUaHRhi9LeZTpqt/wuP
kVe8rb2v/wc/U5b83EvkUAKhCoymyzAfwRA7HR3BJ8+20TtPgj0Zf8C08aOzFK74
PeWOZCLzia8hQxlEbXvPF2c26cBTWH5YgfIcQt6WstbdsA+fUPkemArvn9tqScoy
8Na4ZfEQqRcm+RoH4M+r8jQbyxrWHw2WohhcjV0lwFnpb9uGTNQyYST+0Ndpv4ZY
MH2h0FXvm+QSy8ZOqZ4pxUpANXasNjW6OUtSbhyArNXV1w497SKUhwPinK+z62NY
7+eJ8EzcLvTQLQigTG7puW+v1s1ALJk4FZIrGCqG+cTmPzWu6QffL+ZO+byZFzDm
bbRuEiuaOAr5FyREFqLkVd3A0Nr1EpsM4PxIA2aPR7KQuCcWMcGHBz014XiXlVQA
AeJBfipheuCIWJnvgsWcchSx6GBmJamqjLeynf67A6mZ9qmxqvPw2jiJKV4UNJlQ
8fsP6vO2vVj7idEwjGpnEhnE7Hcf23XFyMQvwIY5lwWsbNK5WXn+5VAzkXlr1H7o
HNLXaga3jupgaTqszQTEEjfvp3HhPbUbAKTAquUbBeM7tIViL5EZVfCYbeSVLQAh
ecbs7mEbq8nWFhd9VjaafMxAF/mlnkVplofvlstAML6/uHSCntPYIq+K8FwqkxKj
EDsHtS0iPFlgwo5lMO/+Utns2SILK4/FMmVMgBiNdWdC/fe/XNbJnC8T3AM11V5W
NIZvje1MjafqW3YIL3tHYJmWdrGS3ffW5L0EBQ/fUaJZe+5JUjwTgT7pEKNVP5Aj
ospG+juj5BIvDCmcFyYYVoJYTDIeNccrLnOvbD9F+wvlqgaD8kfZG1lZtMuy0Ziv
kDbn7AsXFLt5X4kBikVtuF8eHSSXgxwLYWMlA1Nnb2KqaXTpslRyrjgVZU71iV/S
Ev8Zu5+8Bf5m5RzAYm0XiIwIgJ4ibnZzIq9DcR3Occt7pqnmzfJV2ae5J658eDx/
9oVuYL2W46n0ybouD9PQXW/NnpnDmJBM3yxmFhZdS5Ua1hQpm24u895N8jeb5R0A
C3rMOnHe3FZQMTg3bmWT1+yFub08n5q2yB7Kc5LEn2ieSJSrQ21w6ICI0b170J4D
vojQcCoqgfiCeLPeDhPnEBbJDdBCijCINwlMUNoXKHl0+ggyTSUWRLR2i1VAkMGm
biccWnQ+AFVLOVqd9DUcmuR0vzZofPUPPJ9NXjSprsEJiA+1lWUGp3G9INozjyfY
0QXCaV0F5TKHb4pOAhJKfuK7J64aciKp52uksSkVDfKPQO2X8ZXFpPVegZjZhrr2
nbcyj9STN8lcZXy2zmhDMbL1Ub7d6acA60rmwG5+xkcJshIWdXO3akbNs8w/5sv5
RDYv3ktGvT2hA9y/aw+iciKAAJ1bcabiLr5XdCMWuSksgmMU4ATryiFO6LbUZnlM
u1lFfSzsZqXcRQhplub+yf7ju8cQQYlO0ShRvEuILYIWKBeQdyuMV7WWUgWvgi9j
Pb1tu192sA5CDLYa/B3AQhgUNKL5mcLvjbMsCR3ExNsq39ffBUBGlaa4coVW4QTF
wtAXMWeTwhNzGwL5EmwFNaeL/AioE5BhPgS4Fhhe4DUQ/teoeZOO4Z8SVhqQnj7g
bx/jwNGpgenMg00L7hBdYZmeoI1Ft2GbZP8ueYL+LOCjrcG1Vv0O2peHzG7yZi30
ytqF2FZqMiIeEh3KdKWHD2E1Fvyj+e8D4/5AjPcsmkhZ/i0qQGEODPD/PQsYc/1O
eigafuxyHTnF/cWU4+EVkktoY9SMU6QU4Qxt46XblCUA9rzfVtnXVCgXUD4P89ab
sHFL6T9hvRVHUqNmer3kLGLVG/iS/EmudQjsW3t8wRcXrOtpRlpNMjtM7QuFkUpT
03wkSwvNDlc/263qeNWjK7xKep2NYq0RxeijjIjmBgvsfA6ONLi2iZyIIJ6WJCx2
Esq0Tql8HnBBG7vpO9rB2ctB0rNpZj944gOxdGCjQdkfdksZtSdYscRISyPUNceP
w5ZeG5NuNpi1+p34SZFaGRy9hmOv8bkXI9jaGfeLVZNKXih9uOVYx+ewtsItuC8I
mIa8LO3L8jGdybfGAg4DwImnHLbnITGOIoCuylzVhIC0EDcv11a6r4nsAJD1AB/r
3P+y4bKSj1Bf/8SDfbBr/Jo3L0Ti895waEYa9M/mQnVd26eAOq/MjUpp0EFS14lf
bXhWvVLCbhc5VqZdEr1UhusNYMufuhN1vZvEBu0JikJc3txC5cZkLqUh9nX55tOy
9VhDQ6XESu+yfyrXDmROcX9bfEUiOT3EKSWM23KRgfzK2oXYVmoyIh4SHcp0pYcP
UOQToklJwaG/Oo2exElpK4mZCJotdE1DlarMVPg+zFf9iX8MiLmQX/mdPE6qGQ+J
Bu5WxP3d4a7oSRw/d6pyipcKRmTA1yqVvtLIL6U1PMJ46Q6rvNtK1MJ9EGd7f9l+
ytqF2FZqMiIeEh3KdKWHDzJalu2YDpFIQe/BI51oGW0ECUgucGpAqP2YUgbKyNoN
YMDBAqpJsLCH3n9UDSrYTNfoqpjtup9WfYUg8/oIAJYuS32Gg08G9Cscd7VLfes0
TpzCFMsRKO8MIUQVjKAPuWd1j1TjygAlgl9JfMpEyZMu0L/CbfrRFQ6U8poJWaaA
jS/l762HJ446NwAIgMmYlywqZKrTZd6HBVqvf7Fkuv0TED1W89suKg8RcX5yuNTd
Xe1lJVm9V+qHq8zgGZ4RBAPn+J8qsHzMSeXKsGFFzNJ5jpMIZDr7RoQIkIcNizFv
Mzu1Jt/U7mV6eAET+CVBueLo8zgPWlL2evNyO1V18BKfhK5F3T/Rbxf2/VhopjHQ
nwjfY4lswr/xiQx+lHnC6teJG48CWvtPY7KytVOnVyuglAbYcMMgIQ9xmqpC6Y1L
Xa/2QE/idYMPgc2m0ReVI77yH2KQJGGR4HNgbsWUNf2F9muflmfVJT75uvHH4wB9
P33tC0puvM5yTgycNVuAR47eVsmSsPdtCXOe4TEGegCiElXoYOpM8HJqjwjeGFoN
BzZWh0lPeHzaFfVmCg/CN86LcHgFLhuZERWgzGy1EfSSOrRu9CPG6m6D2MNX3qdN
ytxMgFU+riZkMCsgknPetGcLTiq7MrU25f2kGf+4QcrVe5GygUTcpX3xUEJZ9PQz
crnNQWFz5BR1OAhnd3AtZYMM7ISAaVF2xxDV1FzRTW3T55VbSv3a2w4XSy/qYgSz
xowoz2teCj88aJ1qyNrOGdDgRI1TiOuaNR8/uzD9sjDo0p4uTL/Uy/x+OP2lBXxS
FrzQI7HFRbPXO3bYU6gxci+7Y/YiDxCp5QpTXs5KWxFENi/eS0a9PaED3L9rD6Jy
kRbX9ns/szg05LMuqLI7cr6nmcuGaYVxqk10cOboaioEy5GcPhte18AwH5dBG5jh
L/kapsxgVa9qEbAgqA7yV5I6tG70I8bqboPYw1fep03K3EyAVT6uJmQwKyCSc960
ZwtOKrsytTbl/aQZ/7hBytV7kbKBRNylffFQQln09DNyuc1BYXPkFHU4CGd3cC1l
gwzshIBpUXbHENXUXNFNbdPnlVtK/drbDhdLL+piBLOlOnIF1fZaot+cl/YsRBR+
1myunTh11DOyBFJdtZADyZ9cl8OxqWemrORviqR0JZ9Ptywdb1PkhnR85rDZ97EA
YLTwPadVCyNeIn5QiJwdMqJaRUCOsnjVUQO2tKSNhfwt4h0Lg/qI2vkl3Yj+E1N9
gVHCRRd+8so2/sM1xgs9qw8BA7OdbnEqTocsyp5ggmzUGBp0vx38JwOso6qabZHd
xD4yeUbYn2a/o64P9A6YL3pd71lXLXeyRqiKMZqs9g5iLz4YlW5S6vNCh5WVq7f2
FDA/IHGGG2NUQ062n1oKJAJ8DAGCC8dvO6i6VcIvfCSJTzwzjGmqwrVp7RtabyYS
4fasw3KznsPrb0xBjGj2JgcuS0w4pGlcbuGKAK7Qf9rbTjxnCK6oNdgr+8Bw/VzM
SVtvjejNC0HX5gS1R5c5SRceNa2KRc7pkGsetAqxResVo05ytRceQ8cO1Io3+2Ge
P33tC0puvM5yTgycNVuAR9r/1PnRBZwe76oNJzVmj9miElXoYOpM8HJqjwjeGFoN
73ZMCwuTKX3dne/GOrzMB3FlR2YObu23ZLke4nagWm1NWoIzcyqK2w/eh7Ownt0q
IGcujJ1mhjqTqwpulZEPwLgluXY0IrCUr/0GUK20mkUvXnmvsJ+q/21Fx+qJAcXV
ZMuGu83tge0VYyxSIhT57GbGa4flzxPJ3wfLxlF1q4PD4xFTrNvTQacre6ZK5L+s
psfQznrJC8SMZD5bGQPw99tOPGcIrqg12Cv7wHD9XMxJW2+N6M0LQdfmBLVHlzlJ
Fx41rYpFzumQax60CrFF6xWjTnK1Fx5Dxw7Uijf7YZ4/fe0LSm68znJODJw1W4BH
2v/U+dEFnB7vqg0nNWaP2aISVehg6kzwcmqPCN4YWg2hHYHJhxi4AzuNvVV5aRkW
aohTWTqYM+5SvUd8XIejTPSnBbd4ZTO+C7Vkd8B3OwtA58qWSrvWiHSzq3XjR7v+
zbTxDskcfjwrTgIOr1V+MCNZcHPqCVqMmPV/YNqYT3F9r/WWeUwTlQwNec2plVSm
nkiUq0NtcOiAiNG9e9CeA21XKnb1DgFGc9CS0bf7N5pQFRjhpG75SLj++SCS3ozz
XIruppL68Tyoex7km7c52OjSni5Mv9TL/H44/aUFfFIWvNAjscVFs9c7dthTqDFy
1+vT9k03M+OYMiOTKFHcmEQ2L95LRr09oQPcv2sPonI94lvml2kUXGfO2ebvpsjp
9zi8LpweizVyAO9wa0rlQlQtYY503jQ4YqFjreUs3LOMWsY5d4b8T5bWRTt+1Bxr
+ue0DlvaDlzG5UaZcQAIqbL1Ub7d6acA60rmwG5+xkcnWaK2GIpwsiUnAUXWDedo
RDYv3ktGvT2hA9y/aw+icnY8VGx6FjK0jzQ9bckRQ98/TrjKlUZLTRuh4zNUDyIq
pOID297RRG3MX9UaVwZyf3vgNV1xcE8T+AxeNTvx69gLNXDY897NGIQe81buYGWE
6GKjjD6B5KVBn5eLYllnJP+I14+heADXn4VNV6aZ06lEoODwCxw20jEvciez7kuY
j0Dtl/GVxaT1XoGY2Ya69kTK9ubXPwl2pq4D0SE9uQmTJVabXpg43Un/uwJ7wJwS
qsFfGvivWaTgh80bhWHRaGaLnjoiFOp6rz7cVMqFgTOmL9NvEyrlSdcwlesNoFce
U2OK4jMVopUErHE3/o/odZk2H5TBsqOPFyciCBlhEVZjKNhBKOdSLjRZ1rRAeece
yf5XiORb/wH+NJXrcLNX3VUGUv/0t7YKnWtjg89nEtFiR1onhDwnjh8rHsQHPze6
i0X5p688L+OVnyOMscbTHmApNP5OKNqWeIXJo/R7zQUFs/aUSsBSNFsGwCcauk1S
RX+g6gUxJRyvMVRmcjWOygQJSC5wakCo/ZhSBsrI2g2Y8v+Bc2X3Sjz1TSynceRU
WxV/7G3+pwH3VGD1VD9Pf9XFFBEOTLcU3LbFQ+6h4Ojigis+NgB0AE2UftCKGXKJ
mZ6gjUW3YZtk/y55gv4s4KGEa8T6c/ebOKCmqV4YnQ4ECUgucGpAqP2YUgbKyNoN
xfiO+3MYEpVZXZ0DQ1lPVJHuO7FntuSq8WI86aXRKQe77c/UhoCTUPPwyg2orE7t
haNr2+BFEy7Y4RhXpcEbH7NUJit6g/99Mfpq+g9JGd0R8za0rAQkEhDGn9sB9Kjx
eykNFti9n00DHop0U3ye4QNg2vk9T1hCJOLVuiljseJcaRUBam5oomeYUhPJFDt8
lgVg1+D46I2pWo4qHKsfaIBTUD7afY7dTkQzxZJxD8YMkiVDPbat5U1GbaAPZMz9
a3gHZOvJCmTqUMN1iVAeyt9Q4fN0k0vDXFQxOLgYWblnABJ1ozjBLaIKIefgovn/
LwG3QH9Ic0MnUETIjWOujdv831D9/MZWmtNnLM+zJtPKf5a4u7X9ntZ3U8bq8OH7
6FT/rRYWqDOvqbNC6p8dQFsSumNMVvXh/oLs5KvIhUeeMAImtDnbyFPEKcWSDHoe
zCZlsIP6ZChWwCE3ddwpSFWnEqaMVbNAIV03WwPVSo1/W3xFIjk9xCkljNtykYH8
+PjHQcEO2MeQM/jV08jljUeUjsRIdufUbokZsdpMVzkSA94KnZmaeBotx3zdEMHd
/oEGaYw3WNBJ60H1Q75+ny/GzogHbt+oK3CTzzRloFXacH/I7hKGnDQz2z+GjtNp
qXOTw6rCRHHq5AwVptt5w3NEukyCupFqi+V4iHcSy/hi6rE7/k+A3vBWprgl3c5Q
LQ3lmlpe0WcFXXSUVVEQg1Zbhr/hvIQfgcW9aADT4DHc/7LhspKPUF//xIN9sGv8
mjcvROLz3nBoRhr0z+ZCdV3bp4A6r8yNSmnQQVLXiV9teFa9UsJuFzlWpl0SvVSG
aBMs5uHUy5Sa+2I+TdlDY1ze3ELlxmQupSH2dfnm07L1WENDpcRK77J/KtcOZE5x
f1t8RSI5PcQpJYzbcpGB/MrahdhWajIiHhIdynSlhw9Q5BOiSUnBob86jZ7ESWkr
iZkImi10TUOVqsxU+D7MV/2JfwyIuZBf+Z08TqoZD4kG7lbE/d3hruhJHD93qnKK
lwpGZMDXKpW+0sgvpTU8wnjpDqu820rUwn0QZ3t/2X7K2oXYVmoyIh4SHcp0pYcP
MlqW7ZgOkUhB78EjnWgZbQQJSC5wakCo/ZhSBsrI2g1gwMECqkmwsIfef1QNKthM
1+iqmO26n1Z9hSDz+ggAlmrO2aF4Tw5fsES+x96G8aE8iUjdOO1JjT/vtbV1Rq4i
/0pd9oyFV56JOLnoJHv+480iwt/q/DFOTPsLDtrZdTl3gL+eQXhS9AMZYraPmf7l
IXpaGxoyPdo2L+nFg0RRlphrcijJ+1+WUf+Mcr1ih9Z5/bPbz3Tl99nqAtbYkO3j
1YiwkwD80uzcLIIyF5wK+TrtS8Tu13JaRjD/eHNCWRhbErpjTFb14f6C7OSryIVH
M7D7EV2H7yoM/NTmqwD+yj07lHtj3/B2aw/p/PUI8WrNQ0IhTCBZOtwb8xOsH4EL
jpDOLghny/YuVjiLJJcKGZYFYNfg+OiNqVqOKhyrH2hJi3Pj98juIuuiWBQxyldK
BCiWW3IO7wEL1HoModAp35ciR54NPDikxhavoJM7fqosXx/u8dsyLFgnTWq10gEw
PqbDh8DsDtZdn8CY6ybGnzbFwFU+edGhrTK8HEB2sFYghNbH8pj/qxCCuLiYEKly
vpKG3XxUgVZh7vcgEyjq0L7zHo5eOdVYtM/lXEZaw6onvAL2WmaH5DQqRIAs4AC8
UDxip3SwuyWh3fhf+etKi9n6NskHXn619nq06JR4xEgcDFPJHwiNnf5PJSq9hXI5
2O14nHz++/02qFnLLN3TPuZoFzINbw7R3AsVmj1cPTqyKa1IHu5C/LOasv4kxS9o
Sq9uuXpaPeF/dcp/NQrFoz1jWD3uOVDuct1fBn96iM/mTCBnbDLSrF6v6lo1Emq4
otwA4BqKxgIbcQ6XLS+WH1WQSD67+smJVoYooJqojTkghNbH8pj/qxCCuLiYEKly
ve8r4hWZeJHnbuDPHHYIskDsEFrKEfGtE0Ed7GUv0biJT+ce0AC9h1R+zYhv3eX8
OxCSSSjAyd5vbzh0l9+U/A+YqFnyRyOyJElcBIB4p0yVBoOZnFoop0V/iSn9t2sv
lIGvSRN8UPtiJ70s3OhNzFiOBL1nilPHY4+adig2Nkg89q9ZJTlMhFmU0uoInjJ0
EZb7WreG977w1HP+hqtznTVx2Nni+A+88r+6HIQNdPdjE8uqeRyIl1Z1+sXa86K2
GFfkcBtZPfm5vllrZOE/JPdKeIi9n7py5XFkzhdt0fBrQy4dBzAR384h8+9+etYt
AyGv+4rTtcEHp9fdRlTEs+hkLvEco70cvO8I4sz237ZKr265elo94X91yn81CsWj
PWNYPe45UO5y3V8Gf3qIz+ZMIGdsMtKsXq/qWjUSarjV7nOaCTHQecifyc55Hc/Y
7IqeTDO1p2FlADCbBYYPxR4Rqkbgj1dki+RRAc/TOPn2rLshTulCzUw/D4bPoQqI
0ZCdqmibWnGIYBc6q0fnYIlP5x7QAL2HVH7NiG/d5fw7EJJJKMDJ3m9vOHSX35T8
4eh5367+/FJ7MAIo5/SgTr7zHo5eOdVYtM/lXEZaw6onvAL2WmaH5DQqRIAs4AC8
UDxip3SwuyWh3fhf+etKi1jCDiOvLovmy+l32Yx0GEARlvtat4b3vvDUc/6Gq3Od
NXHY2eL4D7zyv7ochA1092MTy6p5HIiXVnX6xdrzoraeCECCRhqhD2r3+crPuZrs
N4wPZoJrdXHzlh9o8+JHPYu82OSKwaqxWIGTQNkIUzzOHV2iMOPigavRRsQ58CCq
LpUTfPc8Dzc6q+qY1QLtwhGW+1q3hve+8NRz/oarc501cdjZ4vgPvPK/uhyEDXT3
YxPLqnkciJdWdfrF2vOitvb0WthdtEqLGGjsVmRU2Phz96WiO+hd6bp870RJ2hHb
BRFAZKt1i98U7SvITfG3sraAhLsUm3wZmWwWS4YMs5B5gRZn7hHNqw8pACv0ejev
Sq9uuXpaPeF/dcp/NQrFoz1jWD3uOVDuct1fBn96iM/mTCBnbDLSrF6v6lo1Emq4
bYF2lrgmgEoQbouBpbS+BVWQSD67+smJVoYooJqojTkghNbH8pj/qxCCuLiYEKly
VcnUK4qC1B/x6H6P/nI65bypX2FhQKk8AX80FUtOead1M5vHOUcTF14qAv8rCzI6
Ja/1+vgjgjItvZQElrEAvMk9GAgR8nw9btCE7yHatFCVBoOZnFoop0V/iSn9t2sv
lIGvSRN8UPtiJ70s3OhNzFiOBL1nilPHY4+adig2Nkjzreb33Wwo0+I9ziYyEdW6
90p4iL2funLlcWTOF23R8GtDLh0HMBHfziHz73561i0DIa/7itO1wQen191GVMSz
YVUVM8KQJYN+nNlNxfKTnPvcyXxyKVi3OlgSuhMefk4O1xqTBJsJTqYp1J7XZqE6
emRj9bAHkug+ISl+h68LcHD3fty559jswkPAMtk9/galCwWfra9TevZTLPa5FWXA
RxgRK/xSG4L/DOPS+54I6Tn2PuxaMYuMkANXfuTIJ0xs/R60X8P9WttMHGJvP3N2
iU/nHtAAvYdUfs2Ib93l/DsQkkkowMneb284dJfflPyv3Fj9jcpherZCVxMoPmYM
EZb7WreG977w1HP+hqtznTVx2Nni+A+88r+6HIQNdPcrtG7JuLl5/WXtmA3Df4qw
p150qdOMsPOzw/ifKdxhltvg6HfKTA+Rt/J8iBveEUnyIgBObWmV/EGIZ9dmywah
KRaxAH7XZj2AjMZ/dSfHGQqM/ZqmYAKzGK8HaUfs0QQL8mhWtgB+CrU6WYQaU6nw
yL5Qs43aKDc41E8fiEYSIs+Has7E/U8PpSrg/qjpkyu9wpqYB/Lak09QOg9959d7
y6HemTxTiH5pAGrlUo9mTos9MnDXb1OUn+/i31NLrYq8Gxy6dRWv0XLI+jCjB7bY
NlLxAx+rPmNYwrV1rKSh2WELowqE8/oKUAy5eswLryAPgIHHlNyObEPALmAHj8f2
3xYkTJ9pikRjb9p02B97kyQMJ3gE10j6LW8KMjvVV/7EI3xeetR+i9JDPJt9tHbs
IUXBCbieLQIF940nBREKq8IH2+S0H0Y+ZUg1HcvfW0Q+OZ6eH9BwlT9ZHtf7hRxx
6lbpfttfTDgVUmXYD/BCeq52xMBY53aR43csDqG11zQ+9eKh2S5SdDp1s2knO6S0
iFEmCafgt5kVIDXmTmTMDmDajUgkazHYsPZzqo9CwzeGu+6A8+c8gGQYM1IJi6+/
oAhLwZvKEEcnGf0pc4FkrDTnVcO4NUeEJMykaWl6/SIhhQCMHAYJvNRoeas83Xbc
cSyiEu1EYCwjduUX/CuNLPiAi1Xp4JeomPKdqCO2VoKEf/4oVRJB6YiLDLiEjx2H
2nguEcuCyGzmf/7sLdv7BUahHd7c62gqdC6mja5kQCHV53Rb19vHoK6imKEq2USs
ocg9c9fdtiTVbL5sKuF/cA9Y3xaTU7Vzn5Q3eNhMpTTwIY5BipunOGGyE/f0Qofx
s9vhcOMkv0B4WmgyH5ZofK2Z1N5DU643gnXRdQdOq8n7CTGa2pZiCZ4/IWKAQvG8
lx/NRZDO/4+NxcrRJMASA50z6Om25ZEPSKoZGXNb5q5Yp17VT54UjEl9vPb3Rb5A
YGfc3aFNB+zKNOLl+1tgUwqM/ZqmYAKzGK8HaUfs0QS3UcehLn85ssacOajE02SS
Qtaisydvioi0r83ObGu21QAP5MicxQSIiTRMlzqMKZThQW3HP/ssyFfjewVTfcsb
RNB7gGoJu06lRIwu9FbGAgvZtjQ4e6wm09Hb1jWGzjIlXx0bjqM9UdkpOroOBhOP
sOhwyn6dL+wYrLw66SRwoJUG4+bjOeouIbETL1f8Sw1rQy4dBzAR384h8+9+etYt
czwX8HSjbFp7CREHeHinwq9hqVDHzwK0yyg19C01iLybk9/whNAm42tC4CkVj+4+
PEmvw7KN/mx51rB+rL7mRdCXL/NPvcTpkt0CqE2RW5QoHbHWq1/d60N/h0D1qtoA
0zugDMWC46kRTLoE/ZMEhHf2P5SQyQwyMc8tXseEXMzw3Il0rtH/aQLSr66nq8rf
rP4/QI+BsF1awL2kCYutUMcOis45jdyor/5kC90SuGoFdHY/60iw4w66zKjOBHQJ
9QaMAc2mO4dY8oZ7Fv6nsUEBy6o41aGKxQB2oQS4N3YES43pICXC504TdLeSwMS4
QrR+hZAiWkKUqMBSrLS23znVi2ce0vjqML24unmNqMZ5J/B8nJ/o9fUNWQs/tqfo
d7cEkeRiN9qYorJeEqkzvtCySiAxLg0S9iT9nZJdDmtDXhTSopHAaN9ISN9NYWxo
dwZ2MBTltTJOJMancXOO88Xq9QCWRjP1FatPe8RYvylqYsMiNLmH+qbZLjCQKEeE
xQsS6a3VIoi07hetQFWo41tv/1tzWF08CeV6pdn9TobP5EvhMvlBvYcea01/aHWR
69PgSSerhnGGmtUopOURV5MCxKvl/w4ZomU4av1M+N+RfvpQmLp4lqmwJcefg/6E
vN6dS0oGfSOco+X8qolLK1s+847m+TxqS/Dm8SbI6GJ0SuYktJCKGSe4AZhLRFqJ
r4ALZlFjW2Zl6T5cZuVilp1LYFGy+CcAsJCSNaNsNkMw1/YTMpDcU7iq2gBwmwoo
R0wSRmSRi/OuPcb55vai7VTk+D0ZmDd1lVQFOZzmVJcBd6wbS0xhiEQ4rJfO+Wum
xmN5JjflBR15vnZebZyA7BkthHjTWosXWRmyEv6TB2mXs+hnNnUnlKdnzCxIE1Ro
CqcgCckSpxoedh6WI+MqZjpbtU0QKRhX7nz0YHiDlkWEUnYib7bKKr30tyEbRxWw
h0GNu0F3PvKUY+qJCq+LFKoBL7iIOGVpdPSEy/SxEoOMOXZpT45BPHPGO/vWA8Bc
TS5j8E4RG3k+spBDgjx6v2DxMPNq7j8IQP9SMuoZkIq1bS/5QD4A/emGgcICFYaT
vbD9hfs4qLZ4CCZ5u6UebtbDWEXhfmYdVcUajyvS1/eGk5T0h03MuV20x69T6bYo
o70LXGfMBvzU4wqeO4EoZvhJNOJcY+XalJIADT25LJybATeKdqUIn2uX+6xClyX5
vRDuRmzAWNlcug+ZEhvQ+YB4Wc7GIuL/4PJR9t5YXCiVC6gOjIod6q89A1tnM6+r
0Y7l5hPOYOAO95Dq+eHovsn7Z0aJzcGFIprp9jRB2JbiUqBtaGD67RoR3InvfZjL
Gh5hd3D9ieoRL7h2UCKgPd4EH/b1BDMcHsqrX9voKlcWUFXy7CR2LE/8y/iNGlFA
u9yB/U4MIaXEH+bETVik07hVIsOF5g8akYxCL+qddoMWjrTw0jUakhJkCIB9AqVS
ULgKmMLKA9TsAXGiAUTqpDtbTJv9wICKm3n/yeHZQT6UjO7gJniwzzkfHoBzS+5A
d/4xVjrHmxQhE/Gm+VbVNYu82OSKwaqxWIGTQNkIUzy/R7UuD6JIHCaeaW0SGX9P
wMdHWLt/0o+5r1u5Emkb3EWRODzzF5yF+Qsh2SMu5Crw5htqSWjPQnH0qPXVa73y
7QspIIEX9Kh82qTc0wV9jdr1oMQ2yJCIDv8N4HOROv6ooapMkRJSRmzJTD4czJum
CML+JhZBOHSQYPF+X4jZA1bUMERJluhpgATiIZqHbqRSPk5WSsSHaWxMpMySUQSM
VdvTAJqJUIr/nkyHM2FgGRceNa2KRc7pkGsetAqxReu8Fjh99bbNPLk/zLXtTPji
9INo1lO4CpxkRcqalv+1JyL2YTnz9UmHeEcBSlajgd2HyuJ899iX6Q3nNDrXfa/b
s4RKFNUu9aUFZmyhDXrpYOmwRcY2KGUEDe9FP91PqGO5nCdkdzC664/P1+iwJkPg
gvcxkxHM96VH3q49+azD25mWdrGS3ffW5L0EBQ/fUaKUv8lTbnzsR8yl3lVDZBCE
hKgC61nDHB1+p9hB9/G+yKAvniNN1JRtx8Eu0HEUdP4y8PhXCGT6oqEf6AuTytod
/LpP+nrLaNv6E+w2qap8f7vW4a4BcQMps6fL+xgzQAsXHjWtikXO6ZBrHrQKsUXr
YdzNlL4H15qkOH6w9/u18MOgWuQPtCwLw8ErbnYT2MrBK60btmvakEDile+iYVCr
NNd6O3DnWX3QqAvXXgq0uW22sjNG5bhTIlzKyI3f4+hHQNpEwCAHKISgewLBeeKh
8LD1H/ckye246Hy/kbKJnB/IZt17mAw/toLyCs8FR3VsHebmBPArS8uYhpVelCVm
x90/JjOrqT2TnQ8I4XwdM31PZ00d7NDzBtCYBv7bChRaLYgNQb3y8Oa4RlIHOBMH
lhaWrzIAnGa7sx2N6H43rDSbopxRCj5KlAEx3oC5Ik4+HLFurpoxeFyPmgx3gPCU
be1cmWCK69+4FM6KvbXfASBnLoydZoY6k6sKbpWRD8C4Jbl2NCKwlK/9BlCttJpF
5LA7FoAPzdJg/LiyQDOS5WApOD+hIp2YF1Oj24mCcC5n5PbKa24JNhLXzhDhNwo2
5LdNN5rwe6Xbo9hLUcqMyoLLqLiTn/nUzh5lOVYk6QgvHp32AJdS1rzjbVZGZiwz
dDIZYkUFCB2xW7dyZFxkbFnpFaoG5cTtAXr3KpDjNPNFz95Qf3ysQM22ebDYHcGo
7+EG70J+vjSL/h1vcJB2TflzmJJ52amlYSkgo96tkkxrQy4dBzAR384h8+9+etYt
8ffLaFZcl3TQph4IqjNLPgJVLEkqNfV5qGwaLrJ/hzlgQdMDLgyJQKwOqbgOqd3H
JiuH6OU7CIVdHc5wFNNF1YpUEb0J8vATkOJid0YVhrXKqY6Z4x4BNM1pWcSPL4sX
9nPHkr2SM+ZfJHFz9wN0a8HPaToSRcXWfE/bvJYvYghn5h1vlJzyuJ5aDmn4Y9rN
eCoZrDavCyCg+ZGB6bJGTdsWDjFsFPlGzdNKd0rT8hYE+/rBPik76L5dvNCqnML1
jIa2fyIwidBh1qptYsMixQym11aO7ulDSRjL5EJ7acfKNQjGk9u4ymR9xND5XP3N
z9MqGXI4KFTPJ/fGwK1TIkUJwuQfPY0iui0YytTm2BEb3M2LZ+RQso3EAxe4m2xn
ARgH6ZZj97OnNypoEPSbNbLvS6mUNQju6ojpIJ7QRnvlrbDnFMTM80IyCF2jRcSq
aDagdIGOnl2J45Jt/Ytp6+E/rvK7K37DIRD5O733/WaeSJSrQ21w6ICI0b170J4D
7b8FT40SHGFbwBFPgBPIG2PDvmV2OldYFxmBRqJmUL4MV69v8F7p1MGt/rsNLgsn
8w7STwnL+UfanCHHEY6VBTGVttOXniYX+1duTM8sTS6X6wBw1a2nTMJGdj5KSwEo
IYmBYcse/UcvqaVpteNEW/odLFtbh+pRkrbQ3Ypk+tgv/XVBsMX+r7F9hctG3duc
Cnj1VsDmrg2/SaLh5orN6tjteJx8/vv9NqhZyyzd0z4QLCCgkds5Qyv9KFckIc5i
JEp7+2ucoWjlg2UD5usZJED3kU7BrI+YdlVg2umjaYg376dx4T21GwCkwKrlGwXj
dbGzgzkjmqq6pcjmy/2i7ISecraA2Dk/XmVvqZicOoK60zWamEqVjrsWtTTihDg1
yFpSbuZWzcWvYt0MLgHX02EcLW1KrvKferQLW/fti/qRV4bvrYfdVMvwlSXQx58/
QbA3STQS50n4KK/N4l094nB+gWynGUJADwPxJKhzgXZmxmuH5c8Tyd8Hy8ZRdauD
Hfp1gY3coD/cMdTgq7ZIeQuS1cI+kKsXoKkpEEzVXtrsjuu4fePeIqRw+7XhN8qm
BXtavmVTg87cCjiTBFUS7ufkJmxJaogJ2mlgcesYopVUL02TtMFQCOY6d9M+cuj+
SDwcnAEhE/G2IPmcdm3zs8nvXFrm/apX27Bp2fxWoTgm9kmgf/hhb+LIuXKQnLAJ
seV7iRd6GGIf54RplFHMWAKQi3UlFdpMJ5oy8vVBomV6q/EsDGgPD+t8cfBW5eRU
7a56TdX4+45BoP4WZr9LrcAK13fashsHUS33MUoFnwpFkTg88xechfkLIdkjLuQq
BTF7Jk9O7evwdQEy4t0UFxCXnDZW7Xs5yE5Tx901V375P3lVfFG+CtH2i//b6M+0
cwSlM1qlXemDi4EpLTATae7ieyH+/78cuB9Wy8iGUVIdUmKILgtyV4Id76kF8o0M
nQRE3f4lnzx+Cz6EaG8ksy/QZclrens1entUH/+/N9XSHBNLsIRIFEo1yAMFyE+5
3y+oVWDs3NXh/iMebYmN12A/zQ/Ku5CGaa+tEFXsa3o1+8oSqPBH09wDcRvdWGPv
nkiUq0NtcOiAiNG9e9CeA1Mg0GU0ewZZyHlVRERiJLblYYeXfUJREjkKJeQ72Bja
2sGQACD20VZYSj1aprc2N5UmGzrSmtxXplAIlJ8yBfg5KU7jcDQSsEAI0znLtDRh
UwgWOZ6AiY+tHuwkkk4Z9nMEpTNapV3pg4uBKS0wE2klIDI29EIBO/2TWrnV/G7v
jfKLkYmjVxgsrs1HxyKVSj5xZIfHfh7sp7VZbyuL4j+xxiI0DPSUKqK+P/lHkrEd
oamo+kKRGEP9yx25yKHVm86kkQhMCnwlbw6ICHGUdcNP4/8MVs4edBcEITgsDlHX
5f5X2uX8br/8ht4s44yctkg8HJwBIRPxtiD5nHZt87PUopV4DR3Epuis5VuQPywf
bbayM0bluFMiXMrIjd/j6MwihSugw3SyYHAJ5g/PzdbwsPUf9yTJ7bjofL+Rsomc
H8hm3XuYDD+2gvIKzwVHdWwd5uYE8CtLy5iGlV6UJWbbSS58WXTb86Ptws0g3dIo
POistDTHMMB8uABHin1IAnjaB7YIDdq7jcQz1TTDiIBPNWEZ3V92LUKA7zvfeR22
tP9rcK5PB5iBNHVQYR3Bw3QzleebkB/aposxwbX1bceKVBG9CfLwE5DiYndGFYa1
yqmOmeMeATTNaVnEjy+LF6TcthTZ00k2KG157dU9yRKyhIsVim6+2+3d56YtdGVt
yyfYtQK0wRwYSuyQGaBgR9okrWKcRq4r9D5HUMhzCRQhflEXUm3aMPeSmnv5ShPj
xCnPFXd1tQJUfzAbxWp0lFCY4Gc2R5s6zDsAwhPWImnIvCOe9ph055rjTzHEx/O2
EJs4qIOEOJ1WEhgeC4/XDp+JxlPOESpy6DVmZU2pTt14mUwhLJ2djNSvbSPhZ8U4
aV8qHBXq9PLgdVgDCxda0xDDRMVABnfB7Erd+Ix57f7WRtMrVJtQcAM8ILdKvc/S
Km3yw+9zsiq3QXPkuatTxEUOYRs4tzEYsJjqRpwg6u07A5DmyP6k6Vk8q0uUSirI
PTYtVH1mRhPjLi5ha9AwUTnTv19+bf8iIMkF71KVDZ8uTfTI/rSZh6m68MDh6j15
R6PZZHKC/ZNkNabgdxsJShIUPuQ1ccVdigN0Kkn70wPv0A3PZtLNnVQkMyI8rMsC
nY3s35/5NpMVPekl85EyEKZsMCfAcwky6v4xoBaoddgECUgucGpAqP2YUgbKyNoN
4WQkPVDsP9V/hDB0BW4/JcRITPGgS7FLHP92mftsVMYxMZ0kFwL1bJATvnLTT/OQ
6ULJYJPWCo8WAXoaqof024yUvq0C3iah1Gw8r4QJ/gXXT1k+i9coEb8K0NNsujN5
cR7yUKR67jUga4I00fghRMaUpkGppe84/XMnusJcPhadRZJj7TlMXQy98ey1QYLR
0rikHjDi2V2r+UN1ZZv7EB10jNWPE6Ka1hbRTH1wijhf51zXzRC1KJcJkgoMbx8n
8igJpUkImq3Ri2eGzffWkBzqHbGQmhIAqu4f+yG9QfzGE98b7M6J8Dl/iHIfeTo3
E1b6XFtqGPNMzb19Q3oyol/nXNfNELUolwmSCgxvHycLxDlQsRM0bwjMb26UCH7T
2iYnQ6kU/NF0qCgxxZSUo+ZclRi6hzGHBvtKeiYaJAri+3C+JreLhlToSa7axq9z
ZwASdaM4wS2iCiHn4KL5/4iepBH7UW/SKtQDfSqzxjt4psxTGU7cEuJQhtTnUW6f
xl2hKQ0yf2gAK13RttEe7wob+Ak2yJQASY/9ui19U4fHL01TfXE7onabbj3gzoAn
F7PMoH1YU/6p94zbbZGVvNYjKEhjQ3KJkMWGP8ZAqOFM4pc0764QEK7/uJRQ34X4
7FFQrcuDVO08kveezTPeYjTdT7U/dzdWQtMRGwp/Ag6ooNqpRP6Jj0Dgef16zq0N
NXHY2eL4D7zyv7ochA109/Xc8KMIXOw3LOCUfOUrFMjJtBCU71E2NwFSBHVFO8pz
i9kU/7Hv9fejN3sgPs6Y65iPPaZumLnqXpoVLk3+8RxmxmuH5c8Tyd8Hy8ZRdauD
AvVehEufYnmDuiPwQu463Jyly8qWWd/AlNYLKDqqUAGjyvMe3BxCFPxfsX06MgLZ
Er6qxpl99X0ugxxmbkZhzSu2X3Pee6WQzKHFG6K2T9l6Xe9ZVy13skaoijGarPYO
/NMqs41WeLc+A09zO8nzLJxNJGR9oAGtHbUT0Zzli/PiQcN3RLzjCUH+GFVkjCKh
gwzshIBpUXbHENXUXNFNbUi6VF4RXkD8O81N4zuWOSBMohTL2RYBMmC33Vg6FLk+
sbeIuICzKDNUZAL1NIeEg0lbb43ozQtB1+YEtUeXOUkXHjWtikXO6ZBrHrQKsUXr
iAJm2+gnp9xutLwyQbIbCNZtGWOyEKiSiBrukbHKXiVrs1ts/lseOqLaENBkm7FB
vLz8BSamxBRjILW68KAonRpmHKfvxkHD3EIThO9mtjKddmsWGw/uWP9ivCiD9AHl
xwGwSS/NkvarCL/gI7RBE3BKqSUMzSBWXavFBSdqoMI5e8ElOermXreWPdqx0PO/
4zk1fbYaXiIl43R45qEwAra1vtP23nWdG4drW74AQhdJnQw/Ngb37clCbiG/+oHt
VWVzI8Sb52qgxN77eNxXiskTKaaAaRi363oGZ8FRvH9Z850lsNqWyZgiSaw86Tsn
NmYuiuIPYiFcryEZ8z4KldWxLb3zaGsGKLkSKlPLhNprhGDI4Lml+VgTyBgwNbyF
EFgTmIvwN0bEwiHqNbzt4YUnjspk610vfWXcqEDTElxGaS85fD5K0LVG5eUMvxfK
NpcE/LoUXl+85xmRtAgtZUYY5V5x31A+wbqG9uHwGWHeu41vsD+Ub4VWt6B3bgzZ
z5v8hC3+Sqh+e3nT0RmIS48fyapCxsJrrpu9i5Qys+S6+NkOBDY7Yx9J/b0z7IgV
erGv9vMt6MqJOMPr3g/es0Q2L95LRr09oQPcv2sPonJdcxAO0Y8iWF8PXmEwjzRa
tufLbrHqjYFcSbivz4ayIBuhfvRH/srOGgDKe1X1cVi0J2lzkrTG33R7SiqXwC3Y
GLcc3SsRaKLe+YfDujC0E7k9wMLnQjiHr2Dw0CxTDeEz84wRqlirVbo4iCB7BfxM
6NKeLky/1Mv8fjj9pQV8Uha80COxxUWz1zt22FOoMXIQrQ3Fro9aZDDawtZQxG9P
eqvxLAxoDw/rfHHwVuXkVM2utE+kAMIarB5oTyUVvmKJETcvvq4ULRIx+qLmVp/R
Lp0e6V7Qm2hYc3lxZojY3mzlHFFYl+vbE+OJP8S6MoDjeZ2kGh2hDAUAnGI9akjy
pcdh+02Sot36O+1PgHUo9cVb7N1bg8EN8ZUeH+6WWnzUnjiP5xiYI6HEkQMl1AVu
OBi+OHrCA2+/ZBbD4NLZRxpVYXI8gOsTzxBCmLsBOPu8srYFtba+W//JyPjxtbXA
VuwMF/m+FeNtKilklNfQaWtxUythe5XTp964zSB+lmAf4f8UzbCvgV8McHSK/1Xh
jUSI6v2Y5qmLoZitm4nDxDXbfvjlKjYnR/fFvBEqtU65iqxdrSIMq1nMfEX252kC
GdnuBLtsow7uf4HOP9SYbhwwBZXGEpSCF9/7bh0Dlehzwn/5pQWl5BslaYgOdGVL
6pvHe0/YvP/gtpPwqLVLuBB/IVOgxBooRzDRWsxuftOBsHqtidgsMW8KGsUuwf+0
79cJN+BhFzE5AKoFDKJoO9Eb52MtTA4JJdHLDZ5d1gNYOnKadmpC1zMTZQOwUqh2
VYRmW9i0v4tXuefJhDZ8sY3keKwt0Ycl7XyvLfixRqRPuRUYVC24O4lxcv9PoHTV
gkCmlfk13ieM3cqgQdoWaF+UaTSX+UQPLR0tf05FWLaKHSSbvkKlfhIvBPoRy63m
yhAk6GyZiJkeNuswnWbPX+hyI6F1oNDdrBIJC9IEbgyCQKaV+TXeJ4zdyqBB2hZo
rdEwKTGrykXD3IVb56ORTdEgsKwaQqIWax2dAMLP5HpBzx5Z8HyQDkM05SEx0Y+f
WYkLEW++qLUhIqMWz0P00np7ERGH0Pic+OpWne+ABJrW6RElBM+r+jpnStzNELBU
JPBRudP2KsFDVW19PBa0VTgYvjh6wgNvv2QWw+DS2Ue9LG+V2tX3tHKBokOAsyFo
7avdn1uChrkSRzSR+mie/nb38aivHCYIgmY5SeD8ZDa+m8xyopseOudhlJGrF5bQ
SFwknZUSDDiN4wCP0pU/vHgPMUv9IVrkRu29M2donyJNDPGeM4jezDCo+H6c0p6C
UJy/3X5Z/+eylzWc31FxMVqjyEqVnAqXxpB+zSnwFZKefruDjPL5XlVZrSwdEMiH
bdcOopwYA/5iEyo2GpSUvd8MphnOlULTSBCH+dv8n9t5EiRaznPuc0kTgABPfs81
/1qs/WyoPwxowsBlwuGgBuUiWBxdaiHO3G9X70kncdfi+w1NDW1yVm5EFWwasryz
BgwsRnBt/e5SXYCPosWq9JWLPnB9K/LeeW9ZpO93ALUxj2UuSxuzpyCBUqfOJ9lh
ZcVQAABAqVedBuYK0ZUHPMiRK3QTMEhDMlpl8/KenAeDr4lAk0XXkJ1N0JYA3Jhd
+6GFnQLawSI64YhOZkqRPRxa97v2Mou61GbwA2tESBaGcS55ssyQRzEadNsX28+s
GUgkhRhBmrBvgup7rHAQnZZ7SNMKA1p3nJR4c4xflaeDr4lAk0XXkJ1N0JYA3Jhd
9iIQui+ySToos8TYmmJ9c26Oq//uq49NCmY6oKxg/8N2gGg8Q/TSc1AdArMO0SpN
z/UarAbaJy6wUg9CraFyJc/eUjmpMM3TWc0gDLlO9RMZSCSFGEGasG+C6nuscBCd
5GFjqsFueDEVo0F9xpiRN3r1rNTJD96KBtDbd2IPl7G28r2un00lItqbeLp2OAxZ
8beyZMt7W/nan8NXP5U8sRl3HFI0iVE8M6NLSMXkW10ch8zy7QmF4dA446gfL1Ed
Bt85JOmE4Ldk2kwfljI+oSSfSk9ia3Fj8RfZMceloM3PMtTqCdXmlKW4Bspq5aSY
bdcOopwYA/5iEyo2GpSUvTg7krOXnYaZsg3ZCOAuaxc0PWnZHIWx/4GxvMmNijEJ
m0hFg+k9rAjlAUrcboZ29iOndNazIe41tkCT1CeCgfxoi3Q2Us61kqIJH2gFgNJv
J/IKMqUNlJP2Q+CU8DYaD9VZDdLHiJ8pHXVOXH8f3r9FnyNvkjQUhS8oJn8s3v6g
W4TIQP9JcFc3BaNKmf/OlzbJzPbGqU1Z6+rUo6V11hV42hEVUTa7XPwTIon3cRDD
cJNWLcKnsnvi1EbeU4+P5CfyCjKlDZST9kPglPA2Gg9cvT94qnmgWIxXWGDXLmhX
mgdbKCYy+pO4EQW0LpqYy2hmhIczEpRhUjdFmdSyT+dSSYgCbLjTJTcWDKEinjUc
PazKQOuIOjiNWQ44ANFpyonkdn/pows38W4Sr/2IJc5arV3GC/yfn5y5u00mzAse
GyGHV1iLszoM3yZ2KGWkavAAikqUnJVr34QWemICJ1dgagP0NQOvlt3HaUg6l683
c2gGXfWYDyuqOqdXeY84TPAAikqUnJVr34QWemICJ1d2PzuQLIrN111u9yIoyOiM
Gp9V5ylou99IhLulPWRKgOYNRDgR/vHM2r8ewIZevBaucL95wKLCME82My7FD3sX
RdfiYduFb/3vGtS+9iPcBYwMgEBTDwCZjob5/3yyD4lBBT5KV20yVoOtubRLtprU
1G/9S6TM1QwU3mPqYIh1h1Ky3FQvmVfM1D7GQMYK2o7sMfchGM22whTiOyBW6hnv
bmPmrLzHwrAWP70WhBlEx4hazj/TNYkcmMRRLF4ejEjGE+KBj42WM2eqL82oaVb7
N3JkmnAhPqM/PyANSDJprfXiDAWo65wnx3HqbMtjHhaGs8LHDy9ue74C+25dzHG2
CDagMuFRz6tXx6DZpu3RRQJtq8FB0Corx30TPmwgSmMzifXF9JaDedDDd5i3JN9O
R4C8pL2W8jdsmTbzdX5d9BzWLN+EiHw0AK96Ab0LKyRc9YYUrA92MEqxKDrJ1+uO
WoQyEN7tpFoeweFPQXRm2F3/gFfy3NtXOh8ye3xfeKNJIeu0MZQPp+e3kn2u20vw
v6sklOGBpgIdxVMwdkbk7Je5dfQxlfH3zKec0RaThXNAKyJdNedX9493zTn5ti+3
lGZ+VtVyBbi7N3rStyBOlM+S/54VjU3+7hOObvjDYQGa5cJEYf1+01Xpb/G2/rL5
MJ36FGV4/axPJfonYsnDvet+MQd5tUX30Wx62+Oi8k8ssomkb4gdfJ/gckDPmOJH
LYEtbtcbjF8+tLoqVAcKTI0m8mjUKscsM6HfqLXc+FOIMb6xpBr380J5mhAba5io
Nv8P4gD/u3qJauLtDNZY3Nn3QetjAtSnDmkMy5h072lfj548kiNp41Y/RlrQ1WzG
k7pEffdOYgkgQOnVwhFOLQQpLN8xo1QolBoN8lBwwRckKOAFqAEnq+oRL3V51VLf
tE3Dhj826tZ4mjjDNdjSRO91gfoBGSJ71sRIeMTK9tYGH6vTeQDkux98PanvBsCl
nktAAepIOQraJ8zsbGx+36S/K/rOCR9p2g7n5ZIomZFQ+JIdrTCaaDZyWbDXZCn9
FbTSZtiDRmoJ1aWtF1dsCQt5STJg9qC6NM90SFemzTkAgcDgUF13wIL+Oj6p4tvD
m7cQ7a0B7rXOgeuK58K0bKhDghzBcHrtuVHyATP9frO3pSRTOp6WuaBC6bn9kXgd
qcT9gv0QeQYn4eyvLh3PFX5zcvFgd6dgMamYQQWWHK/y5FN1f56aFjeOEDsdM/vK
FTqcFbJ8wevCbhBynDmr7EcxBcCFUS/oKmoSkdzmJ35h9EObDw1mcyiiJx70kbwX
Gxcimp/X2j5Ywd7Ri9DqQmUuVRhPPL545DI7ZW7Bda+QH/Sw3XvyxPI8NM4jCOzK
J46Dwqqh/8z038cYL21PPibswzwoSwnOX8Pt7dguxNHiwmsu/j4nJ50DZh/wuBOl
krS68dr+VgEFcJqGPD44dUROLFEeROhgxfxj+aFqC3fwSyM6vNLdIwT5qqhVaKZ6
uR319vRdy6+UgZMOKPLgmEDxSDmsGhJYzPteaBsqHYV6AL0jS43E8z8iap8daYFp
0gTr6bA2J6akOkCNajcA97VhGLC1cCXsgKF6saiL/42yfmPk8oK/Pqd8A6ysl8Wn
PbDXSqaLlAUuCdTlx8n/7DA9/B73xQ0e35AsxcfhsPfQskogMS4NEvYk/Z2SXQ5r
Q14U0qKRwGjfSEjfTWFsaHcGdjAU5bUyTiTGp3FzjvPF6vUAlkYz9RWrT3vEWL8p
bRgW4yLEVTXYbgRgN9CeJC3XS02G9qVAx00ubwKfcuzrtx+1erCtXbeAkgLKMFcE
AVLnVvxEl4MGfpos+XC9WU2XHJvQ5xQfi+0Lm8n8vWygwPLKHKuZO8/x9NehytME
ql1Xqr6bNL/IrGIkrNHrVwYN12dafKhZ94P/PvsSElK7yEdco3KRAc589HQgYWxG
syNPInRmCV0NEKnLmAdVnbbrtX/Rgj2uBY2TLvBHEQSgjJEgJxpQOGoVEJgHW77Y
W9B//c8ztwFXPFHt7U1u/VPnYyPqLokLIj3tBhn9qnb+bOPQfEdC1Vq1IU0BnPjN
9cKkGQ3OC6zUAtHNon4NES06vn0qETuwYnIw9ZHBIlcmyQKA7qE2CFvkl3ONoLs4
OCvYomyCT9c2v9R3k3XHv8K1In3onntw9f1yiDn45I3iwmsu/j4nJ50DZh/wuBOl
YMAmtYG20uiHrIycyN+Se/EChBNh37ylf1CWZnw81Ni4jb4lr0h4egP2NKyZ7TNP
acFPdbyfCGKOOpoJlmzvIdZLUJ6jQOInO+dAuEswY/vL5fvtfwXNKMvJDKtQHdPk
iafUfw9fjA6FIiiWWOm/dDnbih02m1oOok3hWzWhlWO01k6zUyXlQp5nC1kLVqYf
8Iq9ayJs2LbGMEPHaxSkpdnteId6KJzob7KmbxvPSrA1cjmXxTDkSYI0JZHgFAoF
rV1VSuEbG7m8K6c1Rf4OsKZbu0kxKItJe0cbgX1oVtf+HQwtct3FajVkPGLVRDiA
5lkm6xBFx8eHG6DnuVdtbJh+qLzHOYwMFQCBwYtye0f7yFIj4UKl9rcnlVDcIaYv
pfKdoSv7/ztoDJgTEuz14Pm/91R830VR4WjsMCdrLN23AhMfklOSMoG/z0tLvMrC
hjsGyfCNz/oGChZ2aCCAxDg6jVMTJI6rTY9dTe0wkWI8ZbIngIUzNpk7rtu2hMr9
RxBZYQlIrkbSokWOZ3ugxixcyfE+/xEL1B9oWSqwOt/S9K4kPN/7LY5aZ0v9Fkl8
4K+/o61wqz+SbY5zpm8JT+SnI0FXdIDeH8ZjzEUvEUD5RqNeC6hcvVm/tAoj1IED
Gsx7ucVXnsAzYtl+WEA6W3OHV9Z3o5O/8HM94dZ0yqL2+PSQh4fLS8+B+ZauRc+M
3vQ0ztpjbwQTD6ELsr9D5HOHV9Z3o5O/8HM94dZ0yqL4EJmWEPK24juhJMHAFoLL
xHJDaXkgvwtmYhvADBYXtA+834aJkS6ZfBRHMrc+97pzehUSu0hwkixIj8UZ0Br4
vkwNp5tE529Z4ASU5KIkF1hInAqxKGXsvpSy/mEHbkAbf1lMLD8ciCpKBu4EQySx
Z0nS0EZmoTcNfuSU2Feg27kuG6D/u3G88bjsUX3vmWm/ii2XbwLwTNy8VK0nCAHh
8B2E3UoTAxKqltQh0mLZuAhKevFeEU9p5ydLZ6O7bSsTZHyAVlPE0FKkSB4Y/dEG
FaGL9eXJhzwdoV5KEb23sgKKrH8WTWdRvYERY8otE05hZ1qPmFaMV8NxqPO6cbau
sdkHxCzyFlqpA5ZVbdROqhYT9uqHyRuwJz23tcsjSX965MoYOaES5vHaVYOHB85O
9Zhni9AwR1QmqKQJWRccXxtWGaYz1pZhHn4RyfkLQtBmvSwr0B1hPXMqzAc0mtrV
P9GKfNenjPywJHOYeD5A9G0e3x4QpyvKe8t1u0MorolD/tiWDnXCXH23hTIOLfs1
G/ZAIZ7tEzOBE3i5fUNFf2iB7IhK6D2UM9AZQgblwl02dsiK0aJ7Id3HoTLN1Hr8
5H6gWXuG7P8nErWcXpsYFjoLp9AvKkiki0SIOrYuo8FSs3j8C0+CFRgknpkf0T0P
wEg0o/2DUn9DjcduuFzt3jGhlzCmbij6opV6rBJ5/BTjveg/WN29SBJWzXk5dfZC
d8bCdwaUn2G3sNQSS+JJVWgb21RFyCuRlUvs4XNWmcoFif6vqDrnnuYwz5amZDNV
0ABfpzqB7vkbWkrCA3JFloHLAqoRF8/K7aLT+qDMitjHNPVVL5SZdr5F8Jw4kTmL
JSHh0V4cPRWeaPZHIm0+pyUdvjoAa9P+xj7b3ICEcesksASMsAm+Njee4pE2qzOt
C24aYvhBaXUmK946f4Ogf1VCnYW3F7u0/YnWsvYFee5NYhO2s6nc8riOQVcLVGWi
EsZ1mAJ/AzlT8eZuuNjDMythOmaE4VVArDXm0RzGBQoa1MhsRKgDVVnKxktXaMF1
s5+odyy0ot/VTWQyUFcMluKbmcPwRX/IFjAnT8TiwlfSORhDCo/QA2l8rCOsqFAe
AizrIsHtL99E8LKhom5E6HKS0XaAXpKTT7v4Ny8P3Wbz/JI8WrC1yljknW8TbCD/
D91ox+kH4K2/LfpOCEt7Tu21PU/wu0ngZSd4xN2Qt4t4po0kuND4etnKAJXSiOqy
yFMaoi3y5UbnUCHERH4sRC9v0t0U6AVTOPdu7/tfRPt65MoYOaES5vHaVYOHB85O
9Zhni9AwR1QmqKQJWRccXxtWGaYz1pZhHn4RyfkLQtAR56JWYx6KOhFpkMRCaNoO
gx9XPnV+NdTpsRW7DTDwO2ilqfU84ZwlkNKVZUn7udTBqJUwUuBw0V+1tYzhkQp5
nupdh6UUU9pILa6rHi02jAxPCF3yhRiHwaeqkGQWCsfnQAGn/4Be4wNUXJNHlunm
3wfOQM4z92rJKIgdMTEoMO/N1ozj75eeVF9V3i1uFNeguCBGbzX/GX0ulvGjDQER
r9GjtlWKQXluOU8qN4gDqsqTUrrRDMAHDxm2/lfcdbgDmbiRUDCmOeYZBri9vdcL
f87Vp/lmNTwGW2HOxvc/6dNOmNIuyjtXKM2emSl2KtB73+nnG9C5zMuq+lLF6if+
aN99gT5CfT77oy6x+oKzApgEdQ1wA43Obs06vY+dNaO2xJMrzuela602ln9m3t5l
DFjGnYaUdHp1/g1Y/Ix9QJ97l9dNt80kBcLyl+Fyv4Mbs5EN20rkftgIBA5ovAcc
b2SfXwSEAzLmAgB8wSJY8j4KdejoeZ8k63o61dyQnw4l+Y+sZ5hB+JNl5yyKdwdj
TKwOMJ+ez0+m2ZwWtsYKoT/nQi+Bfa0dGbPFtAeI3qbkv5zEmk+evapHJIdOhITN
dQ3qJcs8ndaJz0f5I7MgVJPCF0fN+dph8PRr9ba6RPsF4sYKuWrGVRGEpBZrxqsa
hrJZ5bzg9uwkye0HUACOsJImvXHQmL0kLEclTvns8rLHDGMOIhhO0ydr/Orxguet
6ffsXWau/XEFXolCaS2KN2yRImP6nbVhm0fyjG3g8cpzI6QBfy8AfDP3FAyu5day
/RuDlY0+x9cfkHRDObzZM1iuwxKmEYGkW7lYURnxeBMAeSVZsR5GmGjKyHLlEHbi
yRL5eG+DTy+Ep7MjbcozeB0dHv6pBjQObLTVQSGlaNa0MVhl4SfGsbhtbUGoaVB+
Tfo3lMFPSZ28EW47lXH0IGLJ/Ugb6f8YLVUdLT6SHHgMZHdoeQxLa65KRpbuhYSF
8PupzMyjNPKVoIcV9y2LJXZ4PbTovX3h0XYuqaLX97qYK2CAgjgK+TtOEg10rLdD
9TvdPKZiW64goINeUVxktsxrs7zgoHrUApoe5dl5OO1Hjsx+Clxo0I1m4wK1hMK1
/6SzAeTkWsKE+wR93TPz5v4d0nzosPsCfLVA0j2Fzjj5hEVwAXyk9cQ8aFdBlaPS
7sxrnRm5nzb3tjjX14WeQyjr0lgwkMICrtVi+BCkZWHQfs2oTm2mXBDBq/4/LPiK
9G1eOs8qL5J94/ERnQW91dwTVfrQrhkttn4GWXoHvm+miUSrYKD4qBmk+IpqsZIh
XamkyIVagKTU8gRQhJsf01QaJxRDJw44aUea+t94/t1kUD9dMPkRmomx8WpWFSen
LKFw0PFmZf3tn78hJqWJ2rKCm5ilMDUfL9ZhjFnF5PzERvz89Yh93xIBoeZT+ZkQ
s9IL1y+zqUJwlko7+ViTvBcqucbIEXQxhQ9HZsF9uroOAeO00GIQJakGibacPvk+
LAZGqYLzV+W76bO1eeiXJzTsGG4qp/sJV4a6h8MO/mHO6FRbSN/MN/0nK7GBehz9
9Zhni9AwR1QmqKQJWRccX2qeF1U16OOWaQ4Ah37vpE262+N2E63Agf9PQe3SgtJI
20WnW0vuCCeHW9aIwQI2a7aLyCR7QWCk+HqBNxb9GpXsef59VE8fovdFOIW5Mmn5
bbv4cHRuWsgUPqxhUw8LYLQohUcpvxKKwW/Mz2kELQj68oLItFF8EQ/E12BlJ1BL
0ubQvn7x5/LzYj9qtXydgUXObL1YyQmLBRtklf2NEhp0qlELUePSz/RDi/GBduFG
cY3ZWizBy07zqiYskL1pmIUu86lIAZZ766FjFmSTV/78eCCRlui1ZsfSxlBcvJPg
3Aso+P20ZogyxvF5E7oj+YTqjL8fnymu9EP/Am7KU2Jf0QQ2CW2+KHVk/TP43IbV
EIGZBpjXZeeRVxeQPPsy/3W8tlOAwr8QtpZWQhRffMudOavs6f2+jfUPwxDisN3Y
qAeYzuoZpw6AM4zWee2xtEeNQkS3GlERFvq+BSYvFZ7m/xRvdHr8XfEbp6MDOYcG
10XJqjyEHO1MTPpRDVI1q9A7M5OD7EzsqxYZJhk2ZPbuHL5wpbxEGVm458iOsvvT
i1vJ54iu6mX++1ZcYObXskQdNHjHaFjF+6Z1z3LHxICp+Rl31Bu1tMSU3PrDp/Ph
ZZld9pOz3s1ZkYVDJjRMEeL75H2/IF0Cn1r5s6dqIFpFQHZ+X7weF4HoH3iUJnyx
NjsNPikTq9WcsD0wC7U3vIqJjX/cZZ2SCNbZWNWvysADuYeQCMF/82HnLXAQG6NE
4oIrPjYAdABNlH7QihlyibRw6Re/WGAQHZwI8zE/PdJQxL82SQby2dkfwybaeiSv
DqXZb9KlhaRDwvnt6e6MpWs1xUrCZWualqCUMJMmU/6wcUvpP2G9FUdSo2Z6veQs
OVpefJD/VIS68q9sNujIItU0uaIMjPkZnVpfBu3p7UfaNuPyJ8dhJ6QFMRHFWJ+j
p8i7fKMu7Nhp3pb5BfSyMh4EAUU5HBomBVqWfz9BTvieCqihJFyvIaRLvbTS3+sl
XvVshpdGlWikKxOzoP9Yo4BTUD7afY7dTkQzxZJxD8aS+U1qz7DrcsLVVt2Wdx3D
X5SR7a5WBFhhaMTOGCU6jO7BsgYTKsJaUHUMlf5nI1GS+U1qz7DrcsLVVt2Wdx3D
7+6stQefDqV5qCeOnVmSsg0uvgLOYEGhg90gy9qviRinyLt8oy7s2GnelvkF9LIy
PAQgaUYAZZeSo/mF7bNpQkZ/t5YuHGZaTKp6BB/DuganyLt8oy7s2GnelvkF9LIy
+xpqECESh9bsTH0KVOK+OF27gP4L9WQBLfnQ8hvc7Wd1GWzNwrLkTzKJVt/tYwEj
Fo2SGZRKuyba5b+x1jafEl8vf5uowsMeNYgu3/x1m2c67ENo1wFyLrBjhrGtU8hJ
nhaV7d7pYOj/yGOiqvy1FWAVNU77OWq+LZATyyH/CNM=
