U2FsdGVkX19VaWJjbk95axGzcOrEuvQf8dsAD5VfiIwjxCt+5KP98vlK5kkt5blh
8ccnjKAIDUTgSfZ/2AyzKdjtXWfXGq8s3+oeFj20v9Ww05nvzIlicmgJCWrj86r/
7+KQqv1ouwX6sPPR9/n5RjhSxtEV4u6ho2x4e6i2ka0gYSlYLJt87TfD7vEs+LyK
OmhQOOZz27wVTw/bEDxZWUKOMwoaRj/RW6n/N6u2LQm5DyFXmLkF2kTLANPrVDqd
1g7lUM59C54l7ipmIS+RDw5S8S1DCJMkZ/vpNNegA54txbLCBARsWyTGnZh0ByE5
KFWf5l1w7suSEKzryyIrsFy8WwFR84vCMgyHItpt4ZToPRj5pZzEUA88FQdhNpXt
KcXFIkjLCDegbZ4+GksR9cN7B4IIo9+b4Vp/CoTYhsSgfHVEo5S9Ny3pnA8AIElx
fdo3U3a/WnRDUFHdgXj9aZubcW8eTP3JKU7EPOdkjy4NFfrU21ma3Ebw6PwxG5qv
1vLUuOf92pY1eTkNFtUnEP4PmltWP1cjixpdLpTIrL+i5aAdcqZYGfVgIHSwHJ9o
er1cmritGlfBx9HxByIHyxS/gib6151H4fU7dg/Jzj7/+CE2kIY2KETsK3rkhJ+R
Fadm7kYL2ZsJSrlJ8bjdUK3+ukRdcLeVyAxhrhttnjM133ZG3W70sm0z6lFFY2gl
0gQa7R9xN64fZvzODMkRsQBmQcFSnInM2Sl9Ss7Uc+jDRwohj+wUi+CZMKYy0VhL
YrvkyISMxfg0Zkd6EQoB1Ord8U08mYkTeR1o2MKaw4gnjxV+n9Mk+qONH/LVsCMb
eDM+oJY9IMqulhKqvXLIOR6YbT76WdtI973U2boBVqTk+JuSZl5Aa/Fc50Dz5/Qr
g1e5Y5QdoqPMiYfacxww6FnfRSr+dB3B71nnLODuk79IAuClYwv6b6eTzVFgrVTJ
VIxQ33dZ7Wb6eGvqJYzAEg/HVleTNsOXu+w9wrbzLEfnWNSbxx4wnEiV44ADy/gh
kYI2+lfnU2k0gi4jpI+h3RKbl8P1VCtQW2sN6XuCvxKy+NeTMk4So8J2WQ0bVuPb
I/fEeXCLhJ5Dob8fyONQhSkV2xAlGMjQkv+yhC4LK7KynyQNplY2vZVw9i50UpdR
q8u2fanjuQp6BypKxin4ZiiNtzf0NTwy4yt5rR00xfKzKTR4o451BHH1ja9CKwEl
S013029uAMRm1w6Az04xOMWtcuvK0LmBjZ8eI+biQE+OpyQD2Ob40BTS3bvNzzpz
Ts9yfQUxnQwEPoJxrj9OrySoRKgGe+UU2fZ8ofuMLksFlCOd3uNp1As28PGWEAtD
VQISMfCgluic8/vOhSSqJmlXcluzS1ddSgozJgrD1EDiWyT0LcRFn0Hgw05lP2Ru
uvTi3yb7GOAxxcKgmjteYrMw++2ZvnDdDVVH1v6Dyjh+ziWu19b+Jwy34nb9KLDM
HCVHEb8u9fpm4sJwllwPKMF6W2rK+FG0LKfRMMNahXeGzGhe+s6qfNB8jpgzUrF9
gROjx/iVkGTWvAUisIF3OxuTMaiIFvPIXXlI5Qd0GBcHGQlojH+HuJI85wSLzzAN
zHPbZbTZfKHYiildmU0wizmQbBbjlU1anl8dO2k69UYNDIxLIZhRhDuOp+AJjCb2
aPtVk2DtYM5txGjwIuKJKU+XvPCb0JuobgJH+iRrC/ORNGQcoldQ+t1Y/iURCYvA
COGRx8e4N4swO340dWosOgYtnykQaXxthFnKTHEU6nCwm9RbDkIeKkB7TyWaQ6xB
zv/boLa4k0xDubvQzRIXHCc/4vhFdZD6c6kykV0qua/fq9SQzYKGLa5gd16ddNGd
jwB8UlpFOUJo+jZ6lpHFlHZqKT8pzd+0aEDCJZnLILBPYTT2N3b/TffJHfrBuSmi
hktgyu9R/daYBKIDs7pcfs1SfsUJupz5gfbr8kzoGVh/DYk0ufGFH9t1vVPplBqR
8oCZyPIdIafJ5SKgeVttpIvJD7NKyVOcigNsCw7kD4Hvl03pJvdoJpBXegOzuYLK
FMHmzQ78/mO325lYLxDTZJwqO1VhsWuIOpdSsFyo8i/8oIQrNoMn7r34OIYK5i3Y
ZYGXygg5RbLCuFItbn2JbXFZcpbmjPHagEZYel607SUhvzJtY6D9+XIJVs3ICbBr
T/gDHVME3AopXMCRW3hACbhMkLlpBCYl5pjgB3wP95S9nWj70tXkQKyUN2RLynJ9
pB3M35cbLvFIB/gPgXI26MnaHB1F8icF6Sd3y1oqu0vFAB0YstTzekTtwnbekNT6
rkjbgMBa1j7z/8fiVEhd1XOoVdna9nh3GWvCVWyn/AhzqFXZ2vZ4dxlrwlVsp/wI
c6hV2dr2eHcZa8JVbKf8CEuTOGP55lYSfJeOjezJnnHLt5/hFfUz/vzaIzCPCsr1
+Eu63FhBfYjXz8Ye5CQ2UiEe7P/0QhsG+tJQOC99mzbPtyHw0CBl/sglIF8dsQlE
jZ3ri0T0oB/MX4+Moj2iIW3SH4v8krJY/O2gnUkS7D4pt27u2KtLNNDW3gs2aCo9
S8miPN/e1Ri0tcotm9cyp4nFUMWq5/+e62czZNGPChKNgJb1bacdHbAWSVkKo5nJ
Ge0nwYSWYa6r5jdnH/wRGrqDg7+Hql8sFEeV7XPmqVd6+PGbl9WQf7BqhhfwGthW
HYNBTJfX1SSyLgmuQEkzeuLG9DDEfd6mmvjFIQlXy6uxMcHraqClsPEMsexCBbX6
rwddiTf14ml82MaGo6anUotHv/iAMooRVME00zVQ6032isDvlLiYehjDk5MEvQvH
ZxvpzXOsZwwNm07+RKggcJPxuKQVYCYoApQ6diYsF+kkb4ZKglp9NozFwFP/5T6R
c6hV2dr2eHcZa8JVbKf8CHOoVdna9nh3GWvCVWyn/Agu6ytD6X6EogS2urSM9KBp
BcBksICvjaC3HvmDQY6LlhYP4VuJ+ChlboEwp5AtwcRQRiHhFNTKHidC/+M/NFJr
SC6eVtymjO0kZz4PrQiTUBfTjBAZuF7flXpjPJ+lijVM51WWCxLp9oje54A42KRC
1wMm3wzpZqGNAq2hjcx1QH5aDsFvQMbE18spABxFs4d0ev1xYRZFO82q3icsUm/j
UwuhlZPo/zsXbopMvDohRePIY/+3QkLsEqoWDkP4wXi/+VaLxJwi0lCFEDIWD/FG
14DLjoVUAtb4KxIaWk2VPkFroeK1hK0AQci+7J9FwmFC663PTiyvilE10gsRhALr
KCwqkeIKsshxwlue7zTHcMA43pNGlaoEGCIa5/iIcpO7b4+vZ2Hb5PfAFubOCObw
qQO+4qMLsTrqZflN9uM9pS6Yes8C9wLfIE6hW5rKI6he5dfmdci750KpruRN4XCI
LKpGWcVOgg+x8fJ9zuHMWUO7OibdKMQ0CDogL/EkS07hLSdMrfQet9D7+HJ6NeX7
k6g1u2obtaAGobHLiQQx3ajXXTeY2VnMbpavcN9eOvK8PDoq7J0LD2tZCiEMU/Y6
dTSUxAxBEaB8jEBgUycqIUgunlbcpoztJGc+D60Ik1AuW4yeyS8AoQeZMa/H86un
t8/HuN70w0uS0HzMgwb1FRQVWFsIb/pEgh8yxGKUgL7MNUISG+WukmGp5nqVzylm
FiGPZBLHVTfle4/nP2DySR4AvQwp9WqCPQElGBTLHvaMe6zDnmoAhdv/KywcqVHQ
UyOs6mD6QAZOxGa2abFu1NxaPdKqKUuf8qFbS6e+s2lILp5W3KaM7SRnPg+tCJNQ
PxKwQHyrQpfrpFGN1EpzM0MM1Ttsb4wKlgB/nO2sfAJ1P3JHMorPVp92THrbS/w/
PQy+gYr3AxXQ8WVLV05TrEgunlbcpoztJGc+D60Ik1AjKJHNahk/Q4+cXxOUyU5v
fC3yNuIVOA4LimZblox4iaF7vL4LpPHVBFUK2djn8y49eErUzp3/uSPmUlOEBjAo
SC6eVtymjO0kZz4PrQiTUHVcv4VbbTifUpvorSx512TpLco1OWRvPCwiwsizTyIU
+gb3piZ5BAJNXd6kJ22WBNrad4hMi/rjsiYLAern2uyZq4M9cIK39Pb5RERghR7s
ApTew+px8YZNkRaAKBEYR5LqFk6dqe3U1cZZQK9km2bFOkk4BAn1dqchkZpxFxxM
U6h5ZlZ/Q+3VcuRujQN7UYnwjA1tU3Xh/Fb+spldJUUjmWuThOynWGGfSmxdVg7O
jrcBvg92GrmJIqdLZGkU33MYFk+gY7WgV2qAP2voh9+doVfa6qOlQoMWIPwY5vKe
SC6eVtymjO0kZz4PrQiTUGTrS8z8sO7JNAdoHyakjrrk+jkJZoQO2BrjW+juRTnF
fvoV0zyFQ/2vrqmV6NUwlXsOZPgLjnwzcJXaKN6LgfV6vVyauK0aV8HH0fEHIgfL
YysQVCf5KIESgNPo6Henhcn08doUEf91/+7mGtAjdMON24zdK+EJthfG4B6j9rme
+5aikGJc/QEMUyCm5sc5Anq9XJq4rRpXwcfR8QciB8tzqFXZ2vZ4dxlrwlVsp/wI
85t/FCO/3iS9INxNGu9fvGy9LN3hUhDyAOGoOx5LnwhJiQy0GRG6DgNnU2SQZHjp
bYQ9BWWiTh0VGCR35RR2cjm6nRRb8x29uLUW5IbZgJsjP06EaEDsJI8VHI2ZZBoj
AHQPH7GNkFjrXmeyedk7/UNCJQpdlAiPOJN9Mw8griakcXZIMLucHJYcjSk5GObG
pTWBEq2n2kVKOTP8iIB4C7t3Vcp9KYllf5NPQ05Q5xmSCAGuvsUZbd9tYUOkcxYp
y+AGhOZbhErL5vhA0xBd9ePV48PRBZ5Ovvr4UDMguXaFc6/2c2zMkSKuEO6hzynd
2StQjWPp58HCx688nocIEtp3uVxhcWHtCI/LES7BOGgBLSd788UZX1AlKmIXbJV8
HQdd++SC3pXPEmO21xVUaoOyHa8nFQqTcquaZWYshQkk6/T9VEvM4yJHRIyCzIf4
jajmeOEPezjdRHofYs3n3W9orZ/E6CVkfdjHnHLPwQoUAiOpMU3P2ciLlTwNypv3
GLtdDC4R6F8sljVde4l1ArujORETGV/wzmFDa/eOjd5cJUgrx33pd8SKVAX2xMRq
gu3912+IY4zl8c3d5VfdlDkEzGEx/kGrgeGpiRwZh3fe0mZS3Brg9FAB5CVyOQ6X
GfgBCPJWv6JcXEJHHm/S94ixj0d+oUjV6JFGGMn5QdKuRMCqwu3reGYDRv0K7gQh
Cp1eWiJXlatYZ/5dckpLFSegV6J3oHeeqB/77YFivNqC7f3Xb4hjjOXxzd3lV92U
rNYIK5cRrxc/w7iIu2xJCGw0hz0tmUX701TDR5sRUeIO8AfyqYot9+A0k1wXGsI0
5/ZnDd1HOGc3A/0T8EwC/FPmzpVTojqQdx3RmG04fA+gb/jLdkpNmTISAWubaPNZ
Rdb2UvE3LE9JeohyDR1ISbM+UVi1EmkjJrkcrOIt/YHEXQx7psZ1754A3lB4mCVQ
GslQgyX8EWk7f8oHAbyc8wYbaUeOtJCdy8aBXsW2NvP1DdfAIJqcOvx6fushZJdS
HWuQAT9UxNfmvD6UwtcuU/CXDrG69dSyXlNBXVvjsxeJGauaLiI5A06Iu5B2rapZ
acZCsqWP6hrsoIo/juCQDkZpNxaaBaxKK1ay3oPSVdYnbWmYQLOJillj/zYnnMJS
NQce9uO0SbsrmV9OI6Neb8mzZKLVBmgLfFdYRQumOezc3vKE652hxBz5jCtUPiDB
aNoAgMOGJeZF4ASli2gXY6DPxLGieu5hOfi/4/rx6+nElaPavzS+Mudkcc/mb5EI
JbdT7msJDsm2kwdnreQY1YDv6vx2gVvSJTI570B1Dg+17t9KVZXzFWgmM/faUPL/
2A1cVDoYGMmKZxAZRC1JucWtQFKMw+GSEJt0lAieJQ8QjlZ2uFQtCxodzc74cmha
n/Cb7qxhxs+Gwm3Chui2BWLJ1fEyj9MF5w6H8dvSuwg7a7J4y5i46YQtWPnsEqil
VyL6HI5eb1f1ULQh/g4VIaW/HFXK9f0j1/v2bXRJVjTY+gnlCDIB8jXiP31PsRUY
nu5JbosikvP4Dm2eU8b5RHNlXBHOW68opzf3KE01mM/ku1CBK45lYceMtSA5PQu9
VR3ftF5mEmOnVKP6vA+j5SfD1yXTltOA0gf8rEZxNCsv9rkDvj0cwAsorXgeAI+C
LIb+FK+KVBHZqCTWOiTbk5EorZjYgmwL+2xMgPj5P5A6ImcMO0t03qDb5T3qs3b9
MlhT+ULKplmXlgvrQoFVwKgOf3sjf6b7LVa74qdQImWwL+eqThtJxXlTjQH1hJq+
Kp1xxbv/qyopblzQZa61L0tTcIrrIQc8RXSvoWy2zjnlcu/Sf9i29XqcrUwba3xl
xp9CNhnJ/DzXEzGgsfgS8Bozut2Yzjqd5aTecm3cGhTMifzed9Q+JP8y9GclfwfK
yxQqx3zBJxH+u47ml5tm2nyBuwwpO/Awuj4zExQ6XT5/fZvHb0CuRc8a/49KC9pF
pFfwhcIMSDfWFAW9WogKF/b/vQwIc0Oh3gXojBPU1mQ+E75j3w2z5OXcfKhQE7lI
3suNBbNNmotNMN+7wm8ayx4DUqDMIg5NCe5zT9XV7HWX9SuAWQ67QqNVzUJ8nXV3
/4RcUHUzJrQJePkd6UwxVCzZ2evZplLLPdHqZRaBBlyYoaR/f75FB9Ks2SUd0zDL
Kb3XQIs6Su/ucbtSXnuz+IwGvAE7RHtI79vx31osisEPQmhKrLmpkUKU58+CZm/L
