U2FsdGVkX19VaWJjbk95a1iDkzsVA1dobY/FutNZEgO7iEEfPD9ww2gaoO/fcqAs
LnQSYoLDtYUxgekgBbTDWfoeLvC1hd9R0rCnTuhXE8srfDDjuyzXQFMOcSHl0tDW
iv3NYjeh9Zoes7MFBYZJRoCiNKEfKyH+fHPYa2RViafjt0ouJreRGz1mTYYQqdIW
25zA/h4g92daz8ZZvmk8nkGITP2bUS+A8jOnmniKiAS9T0OBTpWXo/yJJLsHT/6B
b/F8xM/ENXxX/ZR9odIyLOnX/I+ECofmpnG+dcU7jP+RrQtIMgivEqY+4XkVfs7t
vDj0rRSXhmbtB+YHeTELOOsq2Z9Wy6MKt0xbnC7HhunZNJJUaDb6ikKI5BZRVXtX
wJADyM8uHuv5g0pS+zeI2giJ2684yfXE6135FBbOTwMZJpzw95WZM/5fcLL8Hs6T
rh8z1vMmJm1ipeH9HtvNyvWYZ4vQMEdUJqikCVkXHF8taRbiKkDdjyiE0g69WQ2c
YJy168brZeSwAjrM7G6TXhXqYb8BkENE5OSsW+YI3LVieR0tR4ALzcG2PgMe6Sha
i+VTDGwfgin9z63xZkH/Fnr58KP7bRo4+YnSkTLKJxctiPRxm8wHziJ4C8pi3nFu
A5SJIPXIYSdAe2VtX8RX3arc/+Ja15L2LbntPCbMbRw+R4ixdVlWgd5NPnoLW6cL
NhrBHlBC1n6ToFd2eB/o95h20BdkRIui7F2/BcPh9d/orn1vtqyLYFy4Szs5ZwH9
nNvNxlULRe0sXREE/RgDs/7Pog/VORJFB+JMpd+GmuO5nMIjLBiSFa4Mhb4qGtPF
3hiCtgn31cJshYaxYKcEKfPFXgPJ/OZw6glS//3TYIGU94DtLZkZWgxPcqC+VFY2
7mPcZIRvTxlT6OyAQVossoS9r5StbQc3ixbg7uJSbummxVd+TWMS9xt38DdVWTwW
zJqEta76adf4jAgpx7ycTsJbxWIUsLgJ/N18eAToii5ebKCFBUF4EXbb0gkA0a9E
B+O1wo1YXJuFhb+yB9UlB8NSuhD8MudXFaLWNZU7sH+Kv+BcJiOysrUS3l9QLmLx
UPP+qI00UKNhSbT5kUjNHVKfIc6E70vVEYZqcaiAhghOT35LMtn7RgNKDTFYsLTp
hEhk24CKOSIS0TBCU0my9CHeP2ymb1A2WOFYhhJz4ifE94KzDew5tCGlttAuNzx3
AKDQlsqU/69U+6EX+DupOBHtOa2oB1vW5Eq7KTxCywRHc8zvkak7msxcNl+aIoTn
ur0gQOckiKrLnXsaF+orQabFV35NYxL3G3fwN1VZPBbMmoS1rvpp1/iMCCnHvJxO
wlvFYhSwuAn83Xx4BOiKLjPrXMwubXL55SDf8cEgGj7eml67wtAE0la5I/SgB7zL
G1wxCj5t1N9xdBy2lZ6BL6P6Yktp+sVxDMFAdYczirVEHod+EksClyJdWV3W59pI
/ety1SCGb8BxYOxAcPUfw2x/XQRFV5N3JAsBYZAzc6Zyq+J/J0dEX1jXHZvVLPL9
w1K6EPwy51cVotY1lTuwf4q/4FwmI7KytRLeX1AuYvFQ8/6ojTRQo2FJtPmRSM0d
Up8hzoTvS9URhmpxqICGCE5Pfksy2ftGA0oNMViwtOkWbiy9UawAkHUt6E8jSymA
cxj6SIwYPfK9EkNoDzsz5aYPAReb/8UpHudDMvPULtSGT0miVpA8jW/pAg40bKZC
jx76cnrNly+9yNlWzOtL0o+2eg2OQ/R8HqYdl7mcI+u3QzZ0xZHeSMwiZWFlRvOF
DNuYIA6JhxSCl5W/9Eulemn59IDViWNKD4nDVo9c6QgxUSRkBfVcYsTtY8C9fOdh
ANnzkEoUdUCjIAd7i+GrHkpgiz54lp19r/PdhMOGnVOg3V9KvWWJNOA8v5ma23At
vHGb/haQIiqfMbUlAwmVC5+qZoHq02qi20GW+WJnyuERtZutkRLQ7mge7+lCVkWl
0lxml06Vo65/qhAOntRRKVNjsYF8QBpn66htL93SbdEpuIzudnpwvX2xoGT2XCtP
TDJgve2V5WcX/uvBFjN451A60mY2s+zM9u/GpXmMrz6RxsBtWs9fBQYN08vnYyQm
motNlExzyBnuQocFvHmcckvZ9/LJfMMLhsjoX+QkNf2aQcQbaPKG+nZdMpB7Vy+B
1pklXRB0+91tsOGutH1wZjuy7ww0JjesF78dbgyOjfMKpsoFtMwEDgJVk7vwORag
2kYVA+whBnb6s7wlcPxZSH5d/beuR9ppQRgCX2/NhXFm4s5Db+yn+J54W6Y6psdN
dtazn33+2OWMeCPoYiZsgV7E3q6YlWacr5HrFOQdyldb99UnZN6WeeYAho4W5EaD
TZCbkf0D/BvrasK33xD8Z7twcVRI3wtkM5pvMOaDvGlOErOEjI1+bKPOa3CwHX3p
+EnA+y3nyjAMdp+TXjYxY51MfbBfHF373ggrG+Mtn3GKC6ClKcv7GeNPppfjgZqC
PEWa56lfsZDFxPY3wgDkZI8Okaovnd6L+NAkLEPJAZXQ8KnfqD15/tBhjCLdJUgx
YRb9l2WQsISpCkI3kCszu2usDdUnG54/LbA/1rU/VI8jxPZwli+Cd4WKpZxA9sVb
MPmfd1RJyvnxTXMsX4KuApBnH2xrOyDeWws62Ae+zY6mnq4mlG+O7t028qy2tFZP
U49J57nVqD+ZXOQQ/000LtQeDgu74AKleGSs0ufzbXPCVAgevxU5vdB3pWx5X+KX
f9M02iFD7pB7lBoP2yIG2GNXiDQyv1dxMJ2mf/plCOWwxnHBLG+pHrfggYsLi6RO
7eFum8hsFh8Z0BliAAE8M2JXgMt58nqk/sZ8d4tY8ZQudBJigsO1hTGB6SAFtMNZ
+h4u8LWF31HSsKdO6FcTyyt8MOO7LNdAUw5xIeXS0NaK/c1iN6H1mh6zswUFhklG
gKI0oR8rIf58c9hrZFWJp+O3Si4mt5EbPWZNhhCp0hbbnMD+HiD3Z1rPxlm+aTye
QYhM/ZtRL4DyM6eaeIqIBL1PQ4FOlZej/IkkuwdP/oFv8XzEz8Q1fFf9lH2h0jIs
6df8j4QKh+amcb51xTuM/5GtC0gyCK8Spj7heRV+zu28OPStFJeGZu0H5gd5MQs4
6yrZn1bLowq3TFucLseG6dk0klRoNvqKQojkFlFVe1fAkAPIzy4e6/mDSlL7N4ja
CInbrzjJ9cTrXfkUFs5PAxkmnPD3lZkz/l9wsvwezpOuHzPW8yYmbWKl4f0e283K
9Zhni9AwR1QmqKQJWRccXy1pFuIqQN2PKITSDr1ZDZxgnLXrxutl5LACOszsbpNe
FephvwGQQ0Tk5Kxb5gjctWJ5HS1HgAvNwbY+Ax7pKFqL5VMMbB+CKf3PrfFmQf8W
evnwo/ttGjj5idKRMsonFy2I9HGbzAfOIngLymLecW4DlIkg9chhJ0B7ZW1fxFfd
qtz/4lrXkvYtue08JsxtHD5HiLF1WVaB3k0+egtbpws2GsEeUELWfpOgV3Z4H+j3
mHbQF2REi6LsXb8Fw+H13+iufW+2rItgXLhLOzlnAf2c283GVQtF7SxdEQT9GAOz
weyJeQg56UEsk6VUrp5a3N2+ZLEos5zs0HuLy3hhEaLLqUVtf0rm+Zilben/6MEQ
PVOUPa7tMeUSrhS9ES4/5fA0Pp3gorKOReAp2lQW3l+aaY+2q3HldsRAXjcJ4BsK
MgeSgzVHc9BBmzvAKy1HxHwd92K4W3k7HomFzL2z6gKUTHR2xARK8lyZf+qvLTsm
Ak4Z/AyNPrLxmURJYwGaNHj8rzREwg6FVmsBWFPIKg01BsTXpS1yMHAHjUU4LAUc
RMFxWlelHTjEJRj1vwztW0ysaEeRuGqvYpLknFgA56vHfstTnwuMheIjU47HOFII
3VDjSpkfsMgna00TDwttcuMCHXDiaG7TTRqMuXjhzrG1Xaf0tk1MvogywZyjz5XQ
uaJIfpPxmAJG00aaoY2GPhfwsKytFC9y1XB7YuS9XmcbAWCTkLxmG/7afbGd5ONh
iv3NYjeh9Zoes7MFBYZJRoCiNKEfKyH+fHPYa2RViafjt0ouJreRGz1mTYYQqdIW
NCwnhw4SvHwWZAxf4zZT0JNYkOU6rpa0s/NBRvFoTacnee7KxR39JE3hH2Hc4/B6
wZah3gVFQ0/1rKOTQfqQ7STQ2HPgVAZUvUZJiVBMCTYCiqx/Fk1nUb2BEWPKLRNO
cfepzQVvGjxqz7v2+a6V5qSYs+5NGGWaRUFtFvvoAdwHoCN2uBFpzx9KcO2ZNaxB
UB3TamGEtsjI7bzvOXm4AFLAMiEmntTkDmWdgoPKUKwgF+KcIH8TqZAhrPpRSa21
ODkhaeW7dWYkPyNz0sZamAGntcFxgs79HIMqYmzxk9oBXGq3vUMxc1694s2WJ1Up
xU4kmKTlaaBPJ3TmeRXELaTiK+c2Q0x90hDQZBzf8csMwDf1c/5Lqli3TjEfgq/l
eruuRUf9dRVZmWyLy0HnigE5UfP/GWo2ffBdzX47G6ZBvqiuu6qHUs3YAW9ecuDU
XgGSseOBz7kLHUexissCDi2I9HGbzAfOIngLymLecW4DlIkg9chhJ0B7ZW1fxFfd
qtz/4lrXkvYtue08JsxtHD5HiLF1WVaB3k0+egtbpwtNwTFj2HsFwmT1/rqKTTGy
6ZGaZKs7dAxVXbuDyCvC4/DfVu27MEUjsBoR2FKqv28kuzY9J0+UnXp2yoBk8YnM
jhTi/FIxrfUyoI1oNsutb0dzzO+RqTuazFw2X5oihOe6vSBA5ySIqsudexoX6itB
psVXfk1jEvcbd/A3VVk8FsyahLWu+mnX+IwIKce8nE7CW8ViFLC4CfzdfHgE6Iou
M+tczC5tcvnlIN/xwSAaPt6aXrvC0ATSVrkj9KAHvMsbXDEKPm3U33F0HLaVnoEv
o/piS2n6xXEMwUB1hzOKtd2MX6Mg4q0ZDXKWlG/F1zADdwusk/o5/pdUv+VxaRTQ
koQtZ/l3kmD384pJjmqJCF+lT/qSt/t74m4p1iWN7h0Ciqx/Fk1nUb2BEWPKLRNO
cfepzQVvGjxqz7v2+a6V5qSYs+5NGGWaRUFtFvvoAdwHoCN2uBFpzx9KcO2ZNaxB
UB3TamGEtsjI7bzvOXm4AAK5S5+qCNCVpsvDi7ph4rfde3zNk2rt4u9Y7rlNVFVF
zFdD1/2vLLT9tvyNe6yQh63/b1qbSoubWYrCgfA33UUnLF2h4auFdXQp2KcWCo6P
MH+Uw1JFy2wj+mMC448mSoJBSia0n3JoouqO9NAr9nQQz92Zbjvu6P5ppEgGD/dV
f+dQczdfBIkSjLGXhHUwh+MZ0Wp035LDQS190SzoMBVpfEiBmMUvsKgTUlCTre0t
OfvfTyUns+O2flBRHr0lW/VtzZPkB3sijEEM/bht333xKZkkuwQiD0kH/31cBwDC
RXuRWOxx1JUyWf55JIJbvkwyYL3tleVnF/7rwRYzeOdQOtJmNrPszPbvxqV5jK8+
j/cgMTaLo5QWW9I1PtsCHDZiMfRxQK429XTqEgEmuv4jUvr2JfbIXPXJYAFMPQYj
V0rsujbwN6rG/3TrGnCLFUY8RIV3I8GVziPBtiqR/5SFsvP4RU1cxh0Tf1/3Zvwd
kuPD/ZB1J7y1BeaOTxpy4gF6Cl1hRZljFImJ/LNfz11M3dhMdmDqPbrU4xI0nQTn
VEoqftX3XI8wEAl90GDcqvVQSGIlCKCyYBlI73ibc9N8uI9rg7VoHl1ET42V/qCx
ycQ9eAlz4JKSnyn8drX2i0ViJKQ5JPFHDm60MHgq0yxNkJuR/QP8G+tqwrffEPxn
NYQLljCkdhkZ94fK1OZJKIn9fG+pMyx4fTI3iaQ47xZtoXaptI3heg//ubY/IX6C
cs9gSw3EzG9UMh8u05QA3oEVEvWkPU8yCQDPIHupEpZKs7fIzPy1sbovirqaA0cM
ry0/IKVKbiH+osJmMrr1ewVjYckxAvDhJacH+jZ1oqA4Ea4ATVG6bvHw+G2UbWBt
WYNYNLYlcBR6Gtns4rou/cVRR1OfST1GVs9ZOxq3kLLcjoPfr/oi5x3N7MeDXDok
rAAKofdg04aIGtS0jSl7nh9+WKAfhTLRghPIOaZ5PxWNMtYybZsTTTdaZ8dxWz5S
fJ6xKbS0sjbUSLnfhVtWgOOXM4I4OC8CzNedTH3ygWddFQ19CoVh0HzcSrqUMFq+
ioYLs2ha6rx0mXzBmCvkyNRNRAGy87N2wctqE3+MYWMAt3I0WzLyL+DbZr3Ag8AH
BQ+SwJADAWppqaBxSRazT92noSwky1XrRlcTDXa2FXRgy6q1aZYfto13rX3qpZTO
Z26KGpEuFBDbTnysU8iqkTf5nH1oMJxmGCZHgAB5yw0iCUGSa6IfTKUmm/11GPqF
0FcP1h395CXMgVwem7CWrMLIXWw2009yIK3eFbAb8CYcXRE+8UUZ6crOTCzn7Ekd
DULEzr88QjA1YDioutThkV8JFs3bmPFigXWXrpgfL9DcxOuXOwKRyN0I+aHxdSy0
BnjbPGM0usd/A1YZ/rbKmsO9kE8pJsfZRQAeWs4fvkssIHjBAu6muF2fc/EvakPJ
8EckFSo6Uu073R6zqScuydWScIuFUr48Od+yMB5ZgOsSQZqUiH1Jxqy4xEKmXyU+
OLQq9Lw8fGXxqCoEuo1VU/PFXgPJ/OZw6glS//3TYIEeLBKEtNb2NRCxpI/0w957
jOVjTufLSnKU58+QrEC8ppjqKBkRIqKed+lNjvx1Lq8tiPRxm8wHziJ4C8pi3nFu
A5SJIPXIYSdAe2VtX8RX3arc/+Ja15L2LbntPCbMbRw+R4ixdVlWgd5NPnoLW6cL
ymM+f1dbL4CqlZJUJILZi3SMin8sP4AoUTzzCSynaLfy3wAK//6cncZAHfMi/kIl
hL2vlK1tBzeLFuDu4lJu6abFV35NYxL3G3fwN1VZPBbMmoS1rvpp1/iMCCnHvJxO
wlvFYhSwuAn83Xx4BOiKLjnps/8YbQ/rlCCQRFJEHhxE+45eKhA0QriNC7go4dPW
n0Mdk14u+nWPIp51FnguRRtcMQo+bdTfcXQctpWegS+j+mJLafrFcQzBQHWHM4q1
mPymX5EpCaQpV5pYBAw/7P68tUIJ7xaWctLGx4Upu0PU/vDiAkLIwSfJuSnwsS9X
2Ef3ZHKE9mVYVBkBEXndadXWx0QUAfxRdKBPwLWreEpOF40Evi0/MiKX7D0ndGZa
rjEaHIscCuqlQHOwqCNgZtPPfir8qYjrzznGHfZJ0LIhl6x8hz9PxPladz5n2pMw
OlUsCMteNKmvjpzObAFFXOcTdzvx8wVYvtm6CgXMixINZk897ioDAfb+NZrgmtNx
3umQuNLE8mzmRExA1Xk2EjUIOE12FfyYQcy54NjiFPh8jpQdvj19oKbGnktjKmBv
jcY9GmIdCGdqsgc8sA5JuyRs1Qb0RwWmqKDxSDkcSRKnjKzO5XMI1foKzBBNbP2i
YicM/KqZm+DWVicsAcDn6mXnwRHOM7LolzDtjNcYjgDn4gI/OuGAU+UH3yAkZCXL
lHfFubGDH0E4peynsXiomQWu216wG75qeyQQ57cdSWiK/c1iN6H1mh6zswUFhklG
gKI0oR8rIf58c9hrZFWJp+O3Si4mt5EbPWZNhhCp0hbbnMD+HiD3Z1rPxlm+aTye
QiNAJkTb2ocg4X1ZzK57fSd/6Fy7SMzqHGNxSrhfXdJc5SVn099ndyzgIRFIThui
sK6POTGb+OTemi1W8SwMk8XNt/5WTn1LGzjNsk6SP52SBaySyfaRfWFIi5rq/QYG
NaocCEUPAtV3onJQbBSzlE5D/p9EcbtjNKssmhz3NSOe5cjUGcHVWwHK+2UQNqIT
d2mktMy11HaxP4pYPLslcX+GzXynPXNxFWfJkDNu31AVxYQBiAPWlepBGhY/glhZ
TifxFxuRASpYbM8wj+5U+fIN1oUreoODAXGy090YYNbrmP8fMhd9STggWYQehcSz
Xr/UTi4df88Y9+aRc0DeTCDEIStf8GPURUeveuZwLLjRJvbWrlBotEfc4cbo4DsN
cOY10kSNqtYgRTI1giOe6TfWnzmZjMcCYhvgm2Bev7HJWJZ42Pil7n/GAezOGP1M
u6bsTJ7kfpsbBhoUvafZVv0z5Ol43ujrTnSJa1F2LjEKELM9mW7QuP0YdzU8IqSt
u0TKp5ADekiigZq7ryD6BZc9Tov+2qCHsr8dxTcQFyckEkdbIGsUacefW65yqMVS
upkkTvugISzcee+RZLHOgttJha+qY93vyV1waM2Mwx6CaklJuYhod8vpVh+HsuJ0
JBJHWyBrFGnHn1uucqjFUpkIwh57I6Dy1hu4FOmWy7FKYIs+eJadfa/z3YTDhp1T
SiiHVzG54GgG0NMdbJoOVQzJgbGg615QmnhmMJBIR8B5RjOjyjy4ChaY3UQqUuS5
7b9KTHtS+rAdWlm2HLgHUkzd2Ex2YOo9utTjEjSdBOdUSip+1fdcjzAQCX3QYNyq
9VBIYiUIoLJgGUjveJtz03y4j2uDtWgeXURPjZX+oLHJxD14CXPgkpKfKfx2tfaL
RWIkpDkk8UcObrQweCrTLE2Qm5H9A/wb62rCt98Q/Gc1hAuWMKR2GRn3h8rU5kko
if18b6kzLHh9MjeJpDjvFm2hdqm0jeF6D/+5tj8hfoJyz2BLDcTMb1QyHy7TlADe
gRUS9aQ9TzIJAM8ge6kSlkqzt8jM/LWxui+KupoDRwyvLT8gpUpuIf6iwmYyuvV7
BWNhyTEC8OElpwf6NnWioDgRrgBNUbpu8fD4bZRtYG1Zg1g0tiVwFHoa2eziui79
xVFHU59JPUZWz1k7GreQstyOg9+v+iLnHc3sx4NcOiSsAAqh92DThoga1LSNKXue
H35YoB+FMtGCE8g5pnk/FY0y1jJtmxNNN1pnx3FbPlJ8nrEptLSyNtRIud+FW1aA
45czgjg4LwLM151MffKBZ10VDX0KhWHQfNxKupQwWr6KhguzaFrqvHSZfMGYK+TI
1E1EAbLzs3bBy2oTf4xhYwC3cjRbMvIv4NtmvcCDwAcFD5LAkAMBammpoHFJFrNP
3aehLCTLVetGVxMNdrYVdGDLqrVplh+2jXetfeqllM5tjOlZi+v5aJMr5kxXfqSy
VhgWuemEXeYqeQx1U5OSUEi/Yd5oHFhPiAxihRm2SxCedZbNeEBwst2XFiaizuzY
TPVfwDxiiGlZL3t8eYJ0v97pkLjSxPJs5kRMQNV5NhI1CDhNdhX8mEHMueDY4hT4
fI6UHb49faCmxp5LYypgb1UlchEVI2vlKjaS1HYq0gUAU/LEOWhAOkCh9z4pbA4r
7EhM67ux+JmT3mp6Q709BnTSOWA6ZeelZ3AApuQDHogQ1G9kFWbAZ3fi6pGF29DV
WPLQCZKHNuVPNiS1xSE+i4Lg/mCY0Xffdogj/dU7annm5JjO4GFHvKEL3rF3R9OB
0zeBG4ZEK53yQQ4yeHl++7lNifA7XRAdc1HiF0E1ETa1mqexnlNrVbQCSYTAq42Z
t3N9IYRVctzyTxzPJljILbRhDQiehVdf2pjTzdLEs3ABXGq3vUMxc1694s2WJ1Up
xU4kmKTlaaBPJ3TmeRXELaTiK+c2Q0x90hDQZBzf8cuDVk9kS1X3CXAliFbjxRWb
X0w0xOXexzUuBuswDP4yfFwJqwTdotCOVlTTlxXVlmT54KIo0Z4Gf0QhUiqX8B4F
MTE6uDktY5brMPttCUxskJLb8gbCvSJwfI/oco9UbgiTM6SdCPMkth474Jr7nuSR
ibO4OS9hrmYMrtNTQP+lLymRonZ2oDEISUmccX1rHMG4fB2swRL+RPouJMjE9MEu
o03teTJ+PMDPyYJmH6rdvLTeaPNcyDfJBkincWv6XpyQ9bT1XZ6p1TH52B8s0hX6
zOeXJMcsTODmNXpI1/goG/nlYVb+hMZryeDbu11nlk+C4P5gmNF333aII/3VO2p5
3mnNfpdxZgl/mxGK3nd+4Jdn4tABDt9VgLO1Gx7b0FWEva+UrW0HN4sW4O7iUm7p
psVXfk1jEvcbd/A3VVk8FsyahLWu+mnX+IwIKce8nE7CW8ViFLC4CfzdfHgE6Iou
XmyghQVBeBF229IJANGvRNP/cyZ7zKLnfsL+g0LAFUl5r1stZJPPXVVjZo5lmwsZ
psVXfk1jEvcbd/A3VVk8FsyahLWu+mnX+IwIKce8nE7CW8ViFLC4CfzdfHgE6Iou
XmyghQVBeBF229IJANGvRNP/cyZ7zKLnfsL+g0LAFUm5okh+k/GYAkbTRpqhjYY+
F/CwrK0UL3LVcHti5L1eZ0xXSRjq/hDWeTwZoQpDqJAxMTq4OS1jlusw+20JTGyQ
ktvyBsK9InB8j+hyj1RuCJMzpJ0I8yS2Hjvgmvue5JEbBvhYqi7PzVBMUJV1XB9j
Jy6TCx2aVSHULdjVVQL9kdAypi5eSJ/UuQwudiz+5ynnrsG5FVandXY4kq4U+qHG
gWrR00Q5HiVhTQUaGeHd6YoDjjFaxBRENamAMmo98rF8HfdiuFt5Ox6Jhcy9s+oC
lEx0dsQESvJcmX/qry07JgJOGfwMjT6y8ZlESWMBmjR4/K80RMIOhVZrAVhTyCoN
Q9ObbhF45xdD33skU6vcl5O5toc+DdOHHxRitoZX5gJ2vIUkWFda+bdTMK2fNwn8
mOIgGujVkZzaptjHYwG2osLIXWw2009yIK3eFbAb8CYcXRE+8UUZ6crOTCzn7Ekd
DULEzr88QjA1YDioutThkZurlxkzvR7OMDOTxLKj145raSQFHvid7FywnuH+0+aO
Cq7RFyadRrxpyz4oC5rW8mdd8zoogmdLVf5mCx1cS9NFl3bs4Ans7EqlFKPi2cNC
cAIguc3qdAYU02azvb07f97pkLjSxPJs5kRMQNV5NhI1CDhNdhX8mEHMueDY4hT4
fI6UHb49faCmxp5LYypgb43GPRpiHQhnarIHPLAOSbtqeRdgVCESddrzHQ1x85Jg
uexitkjOVqvDA++j6h0TGi+cXUjF6HYLsK99JzCEc8AwmPT8hHUg3ccI3HK2HoFL
whSOt7OV7CJvh7daVuq4ta05jyxxDCrjd+kvmzpTG0UxMTq4OS1jlusw+20JTGyQ
ktvyBsK9InB8j+hyj1RuCJMzpJ0I8yS2Hjvgmvue5JGJs7g5L2GuZgyu01NA/6Uv
tW4UXGDQ4OtUVHXbjoWjvoFSgfc3dXCIUEbYcX873zq03mjzXMg3yQZIp3Fr+l6c
kPW09V2eqdUx+dgfLNIV+rcs3h81WwlDeViz748evCuPXf2mGjBRuq7JgoNKTzOu
dzvgp9UDNt4oGuiPOBgcslZCqUB4L5KZ9u8PHSvp1U4xMTq4OS1jlusw+20JTGyQ
ktvyBsK9InB8j+hyj1RuCJMzpJ0I8yS2Hjvgmvue5JEbBvhYqi7PzVBMUJV1XB9j
Jy6TCx2aVSHULdjVVQL9kTo0XZd8FqwcTe/Z+GzEWeJ5LO2v/TC92GHeftBFv/Wz
EsW0ctqwHSuO2+LgzmNDU4rO3LdRXPaluEeEH1THyYzNr8PT1Of0KlAOaWLm0Y8G
PF23PycdK91PnoxoQo4cDExShYpIFP86Dze+90X0/LlKYIs+eJadfa/z3YTDhp1T
Oz/nNiuDoaofHhAgJnN6Dtgexy2qanQ6d1hVghYFpBadeVvHPvYof1oNnrUFUgGS
aIOiE+0falcOJbHbyxL7hceWcezHVciIxRMqLS5eSB95oka8QDEhSKhjHrJ8Yf2z
1iz881O0KjkINLl2gmzeyufxdkrgYuADynk4hsYVjcueZ1dmFpDpJ+p2IkWISw1N
FeON2FAbF+ZrUJxFHuYFe9n5T1KOpqxH38uy5TOzmX4M25ggDomHFIKXlb/0S6V6
9gen+Gi2x4EruBTkW5IjRrHK5z3WauCnMRpT44LU9WE2+8OgDI/S7h0WpVmDEVDb
mKjem/dkkUbEcsnzrHZ/rmSdeiscC7gpz3m7XDK5TgPQbwpfEBkLml/mnxxCeEs5
oc3QYOSrTLUBV1qnVOrYfuwRi2FOykSRdB/MCKhFBZkACyAiAFeUiJV+RM9JCLgK
bVxxO2uc8VVAAdAUPc/ZctMRbA98vLTbfANtR87Prgr78i7DHoIbPl3OdrMYcQHT
rLfPzyfgPoMqbjn5D/K7+iNi/mfCylLDchMSEp2jhZKn491236kjScRTlmE2IQvW
8c6YOhyS4DudJpPnQxg+Il7E3q6YlWacr5HrFOQdylf6rV/KiI95fPTAbdl+MimL
Fyp46Kw4Z1ofdUyjnTtRRckEbr8dyDc3TQ2NrIZap57hXDFxX5hVzaolpZNJc4RL
tiYzuUlYzFZidiLtZnD56pAr61VZjsM5z9ZTrm1yPgMsNCUlRYAXXfdMJdGRH0XK
YEyYjL4RoDSadm7RilBysbqCajrKPpQ2IKutwwWf1tAphyHAmt/9fugZS67WBR50
y1e1EWDCGYWk+fVrbDtsXebt4Os+ZfNoAPS4Y0bbGt/uXc1OTk/dQZ+daU2rsIvD
veVfJPDgqacrmvdn3MndtW+2mWMtOspeqfJR1Y7wfOxW9CKadsqX+i/+zXT83Ul2
GeyGv8R65zFe578ewELzrqfZfKYgRLW+1nR6/y9Ug//nJw43fc/FcrZGgu2yqMT7
0SY1WEVYzunnlQsIzrsk82CVmRu5jOIl6H2yMkiyBONe5GxneLudVa4PgaIQh6lT
ZBrssYHU+kflyMtp4JU7zp7lyNQZwdVbAcr7ZRA2ohN3aaS0zLXUdrE/ilg8uyVx
f4bNfKc9c3EVZ8mQM27fUIw8zh/Mxwl0Zfvo0CmpdXGtV7R/Ug7P7a36ouZrLfbt
/7Gx50/p0TL8+DHmShU893UTyFCASwXnVD9JurBhzgWSpCfqMtRw76HyfWQZdEvX
slsHl9Jrpvb+qT7tpOblVD1TlD2u7THlEq4UvREuP+V2waYDfpxJCdiySwqRTmWD
kdMjDvVr3fsi0uLWRV1Ei5zbzcZVC0XtLF0RBP0YA7O0MAbHewPGWsDrF9/Qr2Nc
DX3c4FmxlFVWqg//IYRGHq05jyxxDCrjd+kvmzpTG0UxMTq4OS1jlusw+20JTGyQ
ktvyBsK9InB8j+hyj1RuCJMzpJ0I8yS2Hjvgmvue5JGJs7g5L2GuZgyu01NA/6Uv
RAAOPEtzHy1bRV0sUTxTwMQMN638x7B0M46x5UzRxjfcgN1OPPFX8Nlj8IOXhG4o
bUXQHZAOZCkIn89eYi7U6SDe29wIf3GsTYbxZR7yErv7mmhhzGwD50hhGXrkdmMy
Z6yzLcpfEiprQKHTZvzUIdTe0TBdT8vF5q5jvvXxMaKAudmoYQdhjlXDtb48nat7
n1aFfEDPdxMJ5LrAvIM85kZ5QnE5LTwNw6Uhzkdca+TLHS2rjlPMkNzTiiYcPeyD
gBj5W3CvRli7z7s9tSi/A94YgrYJ99XCbIWGsWCnBCnzxV4DyfzmcOoJUv/902CB
lPeA7S2ZGVoMT3KgvlRWNjfRxV4J1sN4tlzYhgcqLb9baW6idUOW2jDidbSNYlZf
TKxoR5G4aq9ikuScWADnq8d+y1OfC4yF4iNTjsc4UgjdUONKmR+wyCdrTRMPC21y
4wIdcOJobtNNGoy5eOHOsbLqcuQv/4G+7y3fERbeRW55r1stZJPPXVVjZo5lmwsZ
psVXfk1jEvcbd/A3VVk8FsyahLWu+mnX+IwIKce8nE7CW8ViFLC4CfzdfHgE6Iou
XmyghQVBeBF229IJANGvRPanfXJ9zIuN/4T9hUJqvBq07qVCGUnn9sYQ/4c1sV+g
sjKlNxHRLpoYmgfpCcUDuGkEZu3HgidbBuYBDUuyeVC+guvITjg/gJEN8WYsN6Ic
S87lSng5iyntBwGqFf8+sTjNshezQHYkN2GID9pGw6Pe6ZC40sTybOZETEDVeTYS
NQg4TXYV/JhBzLng2OIU+HyOlB2+PX2gpsaeS2MqYG9B6Qk4OpLEwOUCnA2mgSv/
0SBzhyx006uohro4p0FwJKvNenBP4YHMiTCw23RJ+PcXFdK4KYKfibSM6kLEHtiA
YqgLwfVQ8SEZzZqg9mZJfLRzPB0aHj15KWirz0EUn1Xksk4tFI8lroJDtgt6uFhZ
PJHqeaI0nSMpinQ6noNc74nZKlOXMuHDMhyzIS3osIARmRkVbDv/0HExwbS1niaS
xrHLjm5ltl/XRbdsmTF2Mf5MMXMBjPXOu9kMyB9C41G1u4l0V7XFrPnRuE3ytobh
HBn9i1N0zzY+tsSVaBTXvJ5iNKIBRyu4+NzyLQQFshJSa7a414HrzefPJegH+HAU
z7xOP2EMuyxiofI6Pbj9QIzIyzmVql6jqq+7C8F0spEs3V8EKWCxH1N1TnAf4KRF
QQus7Acyo0I+J5JW90P6aZq3HXz/GApqV25E9RIIRqXUfqaUpIDWmBDb0J5gOiiB
lEhrXcvetQSkT2AcefquW1m/sfocW/djaMzXVTUpg8RMMmC97ZXlZxf+68EWM3jn
Sx5IeibxBIYsPloqoHOTYmdbJ075TQaMLjmxyc3e/FPGoszo+u/zdM3387r5H38o
MijsnCsRXumqLBkyqSkxNbamOTMnJSXGPMty56sb4iiy53fydcZGopy6aYE7OJUs
xqLM6Prv83TN9/O6+R9/KDDR1c9IASoUYUiaJLZAxGeQ4ygloIK34HDjUXtW7zJ4
5xYvPLVsi7uztwa8+13V66+2yEjGcFdBFl+oPiCpn9KA8vdzEz76GAf+6g3tgfw2
HF9Mgi3vkN3JRw2M2Wd9ydBvCl8QGQuaX+afHEJ4SzmhzdBg5KtMtQFXWqdU6th+
7BGLYU7KRJF0H8wIqEUFmQALICIAV5SIlX5Ez0kIuAptXHE7a5zxVUAB0BQ9z9ly
0xFsD3y8tNt8A21Hzs+uCvvyLsMeghs+Xc52sxhxAdOst8/PJ+A+gypuOfkP8rv6
I2L+Z8LKUsNyExISnaOFkqfj3XbfqSNJxFOWYTYhC9bxzpg6HJLgO50mk+dDGD4i
XsTerpiVZpyvkesU5B3KV/qtX8qIj3l89MBt2X4yKYsXKnjorDhnWh91TKOdO1FF
yQRuvx3INzdNDY2shlqnnuFcMXFfmFXNqiWlk0lzhEu2JjO5SVjMVmJ2Iu1mcPnq
kCvrVVmOwznP1lOubXI+Ayw0JSVFgBdd90wl0ZEfRcpgTJiMvhGgNJp2btGKUHKx
uoJqOso+lDYgq63DBZ/W0CmHIcCa3/1+6BlLrtYFHnTLV7URYMIZhaT59WtsO2xd
5u3g6z5l82gA9LhjRtsa3+5dzU5OT91Bn51pTauwi8O95V8k8OCppyua92fcyd21
b7aZYy06yl6p8lHVjvB87Fb0Ipp2ypf6L/7NdPzdSXYZ7Ia/xHrnMV7nvx7AQvOu
p9l8piBEtb7WdHr/L1SD/+cnDjd9z8VytkaC7bKoxPsU7oC0OaqesbsgLlM4Si7X
LEewBg5VcE4i4eVORd3rsL+P2ggo6COK3V3OPvbkyY6L6TEp/CubMI17Eh0ZXu0m
hL2vlK1tBzeLFuDu4lJu6abFV35NYxL3G3fwN1VZPBbMmoS1rvpp1/iMCCnHvJxO
wlvFYhSwuAn83Xx4BOiKLsVgiVYF6EQADDp8IAASkae46RSqV1fKjOARy5tGgAZz
kLZNVIAh20ZbyVR0TPMt/j57egd5KOnnsmCr/hoKLuSlFxWlfjMtDuY0Pog8IQ9o
Sump6jKYvfzz2SZW1IAmJpKELWf5d5Jg9/OKSY5qiQh19DHcsrCdZYzoA+1FXFKX
1ZJwi4VSvjw537IwHlmA6xJBmpSIfUnGrLjEQqZfJT5KN6ObLDv7pFzVV4X88Kxg
gvwgugDpOJNR5aPYwVHL5TcBvf3ebdAQURO9Uzdpz5l8HfdiuFt5Ox6Jhcy9s+oC
lEx0dsQESvJcmX/qry07JgJOGfwMjT6y8ZlESWMBmjQeogIeLLvYjjN1fWjwkqz3
atLl3Mbd3Iu0CGDCeOgfgILen0hyAkPF5q884Q/H5pHjLPSFPKKoAhu4rKlqJldE
rjEaHIscCuqlQHOwqCNgZtPPfir8qYjrzznGHfZJ0LIhl6x8hz9PxPladz5n2pMw
UkSZ+VX8iiXzx+kyxlrZQALiyrF8UwTmO2mM5JrUxYOUFWbBR5IMq1lWLgyJ4AB6
1P7w4gJCyMEnybkp8LEvV9hH92RyhPZlWFQZARF53Wkxceb/d05uJejLD6iP27+V
oLO2YRh0D+WBQq6f7GXf5WRyF5DVVTx0KUjXJL51Ud+ShC1n+XeSYPfzikmOaokI
jvClKHhlvLvi/Vv1dGO6S1ESCWl4Yw3nQAS/i00F6AZtRdAdkA5kKQifz15iLtTp
IN7b3Ah/caxNhvFlHvISu/uaaGHMbAPnSGEZeuR2YzLFB0SGR6Ft93ArMt0CbD5W
63dqVAAaBOTFv3zfCoIYJKQqPi5igDzLr11tRoagkPdtRdAdkA5kKQifz15iLtTp
IN7b3Ah/caxNhvFlHvISu/uaaGHMbAPnSGEZeuR2YzLFB0SGR6Ft93ArMt0CbD5W
63dqVAAaBOTFv3zfCoIYJC2jq97DJZrcyJz9q92yqJ/w31btuzBFI7AaEdhSqr9v
JLs2PSdPlJ16dsqAZPGJzFKWPPzNd/pgTM0LhnrKSF6uMRocixwK6qVAc7CoI2Bm
089+KvypiOvPOcYd9knQsiGXrHyHP0/E+Vp3PmfakzA6VSwIy140qa+OnM5sAUVc
wKCFqb4mKC4/I2NAPqO0fLW26ZaUuiRvjk9Oe2kFYK5Bvqiuu6qHUs3YAW9ecuDU
yrygAXdVP4TO6aoddFK/BsNSuhD8MudXFaLWNZU7sH+Kv+BcJiOysrUS3l9QLmLx
UPP+qI00UKNhSbT5kUjNHVKfIc6E70vVEYZqcaiAhghOT35LMtn7RgNKDTFYsLTp
UkOVQDwcKwwFTcQglsCvrCAX4pwgfxOpkCGs+lFJrbU4OSFp5bt1ZiQ/I3PSxlqY
tKHPRq4u8E0stEmpN1iJWp7lyNQZwdVbAcr7ZRA2ohN3aaS0zLXUdrE/ilg8uyVx
f4bNfKc9c3EVZ8mQM27fUBXFhAGIA9aV6kEaFj+CWFmG+42b1yX6KZ/mIjAlzIZ0
rEvlKGSKR6J6yTjy6X4yr8GWod4FRUNP9ayjk0H6kO2g+HR/UAqYDDXYPXVLNY1B
ea9bLWSTz11VY2aOZZsLGabFV35NYxL3G3fwN1VZPBbMmoS1rvpp1/iMCCnHvJxO
wlvFYhSwuAn83Xx4BOiKLl5soIUFQXgRdtvSCQDRr0TYWJg6evPtN+IPYrjtRYPn
nGiHB7LWN8TiD/6pBaYm6hfwsKytFC9y1XB7YuS9XmeNEV7OwBtqqDodooKC10Mp
xr45awYX3K78Y+5kjavBmd2g9jpLcZyt9nlyheHsRDmuMRocixwK6qVAc7CoI2Bm
089+KvypiOvPOcYd9knQsiGXrHyHP0/E+Vp3PmfakzCecI12RpYkupLIC5xlZ11s
C491Tf77TUV9Kc5uJ8ZegNT+8OICQsjBJ8m5KfCxL1fYR/dkcoT2ZVhUGQERed1p
MXHm/3dObiXoyw+oj9u/lTQ2pHVn4gKuisQnavUr9uO7pi2wjEqvvy92xgHgb0XQ
LTgVYUwh28y9iVwlhZI48CpX5wPryrguOyFMp04VRmCuMRocixwK6qVAc7CoI2Bm
089+KvypiOvPOcYd9knQsiGXrHyHP0/E+Vp3PmfakzA6VSwIy140qa+OnM5sAUVc
wKCFqb4mKC4/I2NAPqO0fF5TFp4DymCfUkfWbvuHh97Yz0414Xul2G1dOY/PmtkM
9+bDxJFhP5H4S9rsYt9o6xGhr6mY/YmXrySrzoOI5ytINRU/kwVSOyPBzwDD3hTu
1lkhWkB45eMfuK9YcC3YMa5D8HSTnq9EysaVsrBQ9vk0WerpCZHrUvEpHUL8qDf9
KIJTM8G6AJw6cSPIyUKNA4liQR2Is08uAc2pZrjivfbjOkDlEWdEdEUHfRNaGOsT
D8pg/m9p+9CP/XBeMAa+Ao+b6I8UTQ9i6ogOyh8rDXtr8D9S4b/3gUFWwFyu0iM3
w0MO8ZfOhrW5TemDMcTuk1rLfdAVJ0hXz38gHq/qW0FPUpO1Rs96F8LJePkwhcKC
a/A/UuG/94FBVsBcrtIjNz8AjuCQ2Gzp1sk59VI12CwsIE5LdpYXEbA6ZuR1b+lf
mkDtoYXHIEP2UBQ3MBDO/QUklRJyPilLBm4q/ZteG6yxsPxCsGcyKj7j0uRxiaFH
AdHlb7Tm6RpjxsmYJduLp6g91WkfAvZQv+LYFUiWa8CQYbfHHU35a58S/l4acyTP
UnqN5t6wVdWAokXfJsvnXrRmyZPki0mONW/lLLaR8X05mIIOQ9BW0Axi1H4NHVYC
uxm6L//1nb8KrofqqehSFfwW97P2mQ7VRQQx7g+kNN09SWmf5eeVmOqbGkBin42o
ATAVbvTCm7qiO5Wsc06Npn5d/beuR9ppQRgCX2/NhXFexN6umJVmnK+R6xTkHcpX
foiYYHXkz8feoVj00x4pemxwEhQZdiODu6t+pC/TY1bLRw6m4kodXsQnC4rIxka+
9TXxusokTPey9UYKjCSghvKC+0AG4L37wwaH+Kx05VKqhPHkLA9j4Bx59KfQlPbx
8U64zJc3gRRCj8tVcYxtXBsx/WiQ2BlR+xTALO2SA2GQ9gaNlYYYoUj1mtxfpK9P
YJeWC2H/VRF629j6jposWXWjNs3vwnRaLHzOVE6W/4D0+gmal7YCHFUkyh92xL6y
8BU4NFAXaRHoX1uKjYI6PAHr8nAdLtd2AM0orBuHtsSZAhmTLW6C3DczpiUMqu8V
Qs4qFvf/QZDJhixJok6TYa/sbMtPVBg5thbQ1TWk6XgP6G3Kf2gYja6NR6hvI4uW
cVGQUVJrI+4n6zLHt25jiAF3NWUzg7m2D4zHavdtlIor7kL47Ghfj9UUsyEcagF7
pKqEJmi7MPCeQIFy+/aLZGtr3L1vPXEbjIDoHrTnb5cOptTOYwHDxMHxrjuQLabH
bsYbPnoaTsJ1ThILMVx+jRGZGRVsO//QcTHBtLWeJpLGscuObmW2X9dFt2yZMXYx
/kwxcwGM9c672QzIH0LjUcBmOhA7ofsXgwrPIl7JOWqYhMsHf7c+aan5yXNsJwn7
tlwvgeVfjaTFBENWLfTRLZKELWf5d5Jg9/OKSY5qiQjr9SpiiKRq7E98DMKLktQ9
0Vd6LmSS+hwKHCS3vaNrvcCQA8jPLh7r+YNKUvs3iNpctAsW+CXBGZoLiENRWf0e
Sw7B+u/0dJAz7AKEPs7UD7TeaPNcyDfJBkincWv6XpwBxQJK7UBAvCzwXE1Tm0ff
5ofw+iSOFM1Wp3tyESC8892g9jpLcZyt9nlyheHsRDmuMRocixwK6qVAc7CoI2Bm
089+KvypiOvPOcYd9knQsiGXrHyHP0/E+Vp3PmfakzCecI12RpYkupLIC5xlZ11s
YEvbChikRh7PSqYW3GJL2xypxwcXt18UTobaGL4KCP558zORT4+Aqv7rAbKjo8FI
iv3NYjeh9Zoes7MFBYZJRoCiNKEfKyH+fHPYa2RViafjt0ouJreRGz1mTYYQqdIW
25zA/h4g92daz8ZZvmk8ntuqf8uURoEbQja4Qq+gXfZ00mMXAhxjG24jjXmX5sZ+
yBvaAUdwheXxsG4vYsTmHFzlJWfT32d3LOAhEUhOG6IHx4JF+IcvgzbyzNOg5XLP
BOQYZ5H8fMtofJdzlWUTPIgo4/8Wm5bGmZuOEDRn4Kqc283GVQtF7SxdEQT9GAOz
/s+iD9U5EkUH4kyl34aa49Iccer9dPji9gPL1KcAtjktiPRxm8wHziJ4C8pi3nFu
A5SJIPXIYSdAe2VtX8RX3arc/+Ja15L2LbntPCbMbRw+R4ixdVlWgd5NPnoLW6cL
TcExY9h7BcJk9f66ik0xsqUI1hNg3A007cbRxEhVYEptRdAdkA5kKQifz15iLtTp
IN7b3Ah/caxNhvFlHvISu/uaaGHMbAPnSGEZeuR2YzLFB0SGR6Ft93ArMt0CbD5W
63dqVAAaBOTFv3zfCoIYJLD9+Wl+iT1XLfza+xc5xM3VZLQY1Bxmu95JdagL7m3C
xPeCsw3sObQhpbbQLjc8dwCg0JbKlP+vVPuhF/g7qTgR7TmtqAdb1uRKuyk8QssE
R3PM75GpO5rMXDZfmiKE57q9IEDnJIiqy517GhfqK0GmxVd+TWMS9xt38DdVWTwW
zJqEta76adf4jAgpx7ycTsJbxWIUsLgJ/N18eAToii4z61zMLm1y+eUg3/HBIBo+
3ppeu8LQBNJWuSP0oAe8yxtcMQo+bdTfcXQctpWegS+j+mJLafrFcQzBQHWHM4q1
XKTXw2kZAyLqg/GhlkNHPQN3C6yT+jn+l1S/5XFpFNCShC1n+XeSYPfzikmOaokI
X6VP+pK3+3vibinWJY3uHQKKrH8WTWdRvYERY8otE05x96nNBW8aPGrPu/b5rpXm
pJiz7k0YZZpFQW0W++gB3AegI3a4EWnPH0pw7Zk1rEFQHdNqYYS2yMjtvO85ebgA
1qllUbyEnOaebPl+6KMRjN17fM2Tau3i71juuU1UVUXMV0PX/a8stP22/I17rJCH
rf9vWptKi5tZisKB8DfdRScsXaHhq4V1dCnYpxYKjo8wf5TDUkXLbCP6YwLjjyZK
gkFKJrSfcmii6o700Cv2dBDP3ZluO+7o/mmkSAYP91V/51BzN18EiRKMsZeEdTCH
4xnRanTfksNBLX3RLOgwFWl8SIGYxS+wqBNSUJOt7S05+99PJSez47Z+UFEevSVb
9W3Nk+QHeyKMQQz9uG3fffEpmSS7BCIPSQf/fVwHAMJFe5FY7HHUlTJZ/nkkglu+
TDJgve2V5WcX/uvBFjN451A60mY2s+zM9u/GpXmMrz6P9yAxNoujlBZb0jU+2wIc
NmIx9HFArjb1dOoSASa6/iNS+vYl9shc9clgAUw9BiNXSuy6NvA3qsb/dOsacIsV
RjxEhXcjwZXOI8G2KpH/lIWy8/hFTVzGHRN/X/dm/B2S48P9kHUnvLUF5o5PGnLi
yQcQQ2m04Hf9f0MEZbwmK5Bht8cdTflrnxL+XhpzJM9Seo3m3rBV1YCiRd8my+de
tGbJk+SLSY41b+UstpHxfTmYgg5D0FbQDGLUfg0dVgK7Gbov//Wdvwquh+qp6FIV
/Bb3s/aZDtVFBDHuD6Q03T1JaZ/l55WY6psaQGKfjagBMBVu9MKbuqI7laxzTo2m
fl39t65H2mlBGAJfb82FcV7E3q6YlWacr5HrFOQdyld+iJhgdeTPx96hWPTTHil6
bHASFBl2I4O7q36kL9NjVstHDqbiSh1exCcLisjGRr71NfG6yiRM97L1RgqMJKCG
8oL7QAbgvfvDBof4rHTlUqqE8eQsD2PgHHn0p9CU9vHxTrjMlzeBFEKPy1VxjG1c
GzH9aJDYGVH7FMAs7ZIDYZD2Bo2VhhihSPWa3F+kr09gl5YLYf9VEXrb2PqOmixZ
daM2ze/CdFosfM5UTpb/gPT6CZqXtgIcVSTKH3bEvrLwFTg0UBdpEehfW4qNgjo8
AevycB0u13YAzSisG4e2xJkCGZMtboLcNzOmJQyq7xVCzioW9/9BkMmGLEmiTpNh
r+xsy09UGDm2FtDVNaTpeA/obcp/aBiNro1HqG8ji5ZxUZBRUmsj7ifrMse3bmOI
AXc1ZTODubYPjMdq922Uirmw9BAkBRf+5/KeMH7pWCYrgOnmYJo0FaikbkoofQnf
0D4MswtrQxFn5Ygvmd6po7RSWzmSmKlsqXx+mIAi3ey/tpe7ZzFHJSrmSwdBpGwE
bUXQHZAOZCkIn89eYi7U6SDe29wIf3GsTYbxZR7yErv7mmhhzGwD50hhGXrkdmMy
Z6yzLcpfEiprQKHTZvzUIYK61Bg/IaC5nJd9DvyFkLHeXq9Wm2nlGbKNo/zFAkvV
y9JHw/4qId8TZjvJttBiZ8/Thg8IFDSoC8Es7m83YGZzpiR49JQEn9/JuO6BNhPA
3YRNytx6OJ/GQFPVpzM1tbuOUYiRRm05SrfyFKGfF4Nhq4bzcNGLguLxejzi8Zj+
PVOUPa7tMeUSrhS9ES4/5XbBpgN+nEkJ2LJLCpFOZYMaW5GIYBmwsiCwV3dmSE4u
zybHXhKuEoJ9G5zTsVC7dsNSuhD8MudXFaLWNZU7sH+Kv+BcJiOysrUS3l9QLmLx
UPP+qI00UKNhSbT5kUjNHVKfIc6E70vVEYZqcaiAhgid6fOTsXoTSTJmxAGsgImt
nr45YvmM3+PG+vOE7yypn7PGrxitxObd6pKVXaxa/IiIyH0r7kQdkfVguYgcb77o
TKxoR5G4aq9ikuScWADnq8d+y1OfC4yF4iNTjsc4UgjdUONKmR+wyCdrTRMPC21y
hxiLIlc0j5xpl8b+zQi4ZSToc28S+0ZNlnrrrLq2sv7VJOdDU9H7EDBU4I/OpNqL
88VeA8n85nDqCVL//dNggZT3gO0tmRlaDE9yoL5UVjaVex2Pf/EZF2UU9Md5sovo
/sq1Jw9PYo41WXgA/cX5v92ETcrcejifxkBT1aczNbW7jlGIkUZtOUq38hShnxeD
Vl2f5BQ6DWHHAayxOdeC6FVsMc1DTfvatzr3kiD28yiK/c1iN6H1mh6zswUFhklG
gKI0oR8rIf58c9hrZFWJp+O3Si4mt5EbPWZNhhCp0hY0LCeHDhK8fBZkDF/jNlPQ
k1iQ5TqulrSz80FG8WhNp7a/NuM7Y7blvBwa5V83AtGK/c1iN6H1mh6zswUFhklG
gKI0oR8rIf58c9hrZFWJp+O3Si4mt5EbPWZNhhCp0hY0LCeHDhK8fBZkDF/jNlPQ
k1iQ5TqulrSz80FG8WhNp6RMKwevaQjy2FCzazovVLEdqfcgKQhibJIpn3Eon6gN
1WscxhltGfrnn8zNAFHWIEB4WQt1AMF76SN8sf+IQqBMrGhHkbhqr2KS5JxYAOer
x37LU58LjIXiI1OOxzhSCN1Q40qZH7DIJ2tNEw8LbXLjAh1w4mhu000ajLl44c6x
Vl2f5BQ6DWHHAayxOdeC6CUzYicuEBC3J+xIIGNrIgUyBB7RTKHCKPZX1Ufombk5
3BnI44TR2JpTvsVH79WGIfWYZ4vQMEdUJqikCVkXHF8taRbiKkDdjyiE0g69WQ2c
YJy168brZeSwAjrM7G6TXscKh7kCL2Y0touumS/sBKYm7YgXneU7INh7eUvT/Cxt
Oqs5TCT+kZ7dOaH11SeyUkBr+NxgUIrxhFCtbFEDEk1XJhIUz+rbYlyZowNUaVze
fCZgRywl+DN77wCwByvvqBGZGRVsO//QcTHBtLWeJpLGscuObmW2X9dFt2yZMXYx
/kwxcwGM9c672QzIH0LjUbW7iXRXtcWs+dG4TfK2huGQfMz4GJUQEk74K7kNYZmo
ETY8iJhDcFDSLjkXT7r7ZGvN3k4eCIMgF5iV1nm6UbAJ2agsryM5B341IdlMQQoj
bUXQHZAOZCkIn89eYi7U6SDe29wIf3GsTYbxZR7yErv7mmhhzGwD50hhGXrkdmMy
xQdEhkehbfdwKzLdAmw+Vut3alQAGgTkxb983wqCGCSQRhKMlf3Nh2OVJPqYR+in
8N9W7bswRSOwGhHYUqq/byS7Nj0nT5SdenbKgGTxicxbTUjZ+ZqsZiBdeHL860Yf
RLTPMCIFyplzoChUAFHFXfXmHBYAX7A9vq8QAIJ2yUBMrGhHkbhqr2KS5JxYAOer
x37LU58LjIXiI1OOxzhSCN1Q40qZH7DIJ2tNEw8LbXLnubqZ7FtWZQTQTmaOT+aA
QxkZ2GWtOKR/K34oy6uv2/PFXgPJ/OZw6glS//3TYIGU94DtLZkZWgxPcqC+VFY2
iw6v/fNLzlXES0doGN+OSrJev2xjO1p6UWNhvUm6LQ0lII3Bup0Kuhtc7jGRzz0c
P5gm6oNRsEHPrxoEr7A/M8M5YgvEx5HpNFXwcpftc+5MrGhHkbhqr2KS5JxYAOer
x37LU58LjIXiI1OOxzhSCN1Q40qZH7DIJ2tNEw8LbXLjAh1w4mhu000ajLl44c6x
Vl2f5BQ6DWHHAayxOdeC6IOOa07slZFkSzkhVASwhRQWZusoMWOf429OVUiWz/z3
TG0yd7QsRW0SOCDkVVBHPmiAnJynX3LfsjAnwr3IzA6D6okAgiFr42+A/UWe/suV
jRY5R9PlMkcgNxu91HKxtNPGc6vTNI7TM/awCIlhnUbMIo9te5C04N3NjiqKlBbD
EcjOm1KfBp3qFdZrSlOkCDRxvhwFT4ko6zj3kE2MfAwQz92Zbjvu6P5ppEgGD/dV
jowZkC0Lkt6fFORvN1eWrRGwujzpHO0OGuqWzwZgJl8MmREFAmfysQu2zkuI9q/W
0Pzr7ektRDeND7JzIieyXR4irUUuIhYggBTSr2bnyYGhNEGj/BCnzXaIENyPKUq+
DJkRBQJn8rELts5LiPav1m9qJHktQ6o27JAIhg1nuAK4jvd944jE/PciUf8vRSgt
91m1q+FIBjTyooi1xMpgVW5rz6ZzZ3PdYy97vnsghITbV1UK0eqdrqD3aDECMBc0
DsQ8m5yFsSKvsbqiV0bgbWKB56Rg2iEtw4VI4DSx8J4Tqo21IOjaNcf0bj8fU2Yz
hS+z9TklTEMhEo4XuAS/2R+ym2DBvQvAcsDWQJ21odLLGJk0Q0IvKokQeRwYgqsb
dtazn33+2OWMeCPoYiZsgS33UfV8HrgX07zRZ9/PwlJc16T0Ihp0Vm0cXtJFm8nS
z0//p5X6DB/cd9haRhJ3oJMn54dfPHMHNvNReswGVN11T/16km6+SO2npzss/Gju
9OHx0WFTGCuwQLLOWbHgfckteO3ri4ANuc0ZmG2nqOcEbOAvu0E4FT/Iv7bm6NMY
SwHiG1XNeD1QBO+v6U9BhMtx+ZrQFMPerljFQtSBjzUbBFqEIUxJz6KfkQrvxz5t
BdoaeKYBuomeowJp96Lj/mF2I6j0aoxUIyB6pKd8Usp4nCUlIOd/YVHO6xfk2jvp
rMzIBVzRiLbaZbXPKXvoiqf0CAZmastEhrYMgJteCN5UeGgJN+ph/iniuudGKH70
8cGpMKnTQNtBIE6navH50O6OMcgF0dUCrt8OZhVUVTTQ5ODloCNNkNrnp5kUxhxz
5BVYmkoN3f/+yzOw91XUGJPQs2KWqTlYBMlGG8ypL6e+72mo2MT98yfFMJXHXWSI
7B+UYIZOfFAVxM31mZHSEjosIkI2xOETAu5XAhUf7Bc=
